[0.009s] Invoking command in '/home/ymz/Codes/ros2_learning/chapt2/chapt2_ws/build/example_cpp': CMAKE_PREFIX_PATH=/opt/ros/humble /usr/bin/cmake --build /home/ymz/Codes/ros2_learning/chapt2/chapt2_ws/build/example_cpp -- -j2 -l2
[0.079s] [35m[1mConsolidate compiler generated dependencies of target node_01[0m
[0.091s] [ 50%] [32mBuilding CXX object CMakeFiles/node_01.dir/src/node_01.cpp.o[0m
[2.320s] [100%] [32m[1mLinking CXX executable node_01[0m
[2.402s] [100%] Built target node_01
[2.417s] Invoked command in '/home/ymz/Codes/ros2_learning/chapt2/chapt2_ws/build/example_cpp' returned '0': CMAKE_PREFIX_PATH=/opt/ros/humble /usr/bin/cmake --build /home/ymz/Codes/ros2_learning/chapt2/chapt2_ws/build/example_cpp -- -j2 -l2
[2.438s] Invoking command in '/home/ymz/Codes/ros2_learning/chapt2/chapt2_ws/build/example_cpp': CMAKE_PREFIX_PATH=/opt/ros/humble /usr/bin/cmake --install /home/ymz/Codes/ros2_learning/chapt2/chapt2_ws/build/example_cpp
[2.446s] -- Install configuration: ""
[2.446s] -- Installing: /home/ymz/Codes/ros2_learning/chapt2/chapt2_ws/install/example_cpp/share/ament_index/resource_index/package_run_dependencies/example_cpp
[2.446s] -- Installing: /home/ymz/Codes/ros2_learning/chapt2/chapt2_ws/install/example_cpp/share/ament_index/resource_index/parent_prefix_path/example_cpp
[2.446s] -- Installing: /home/ymz/Codes/ros2_learning/chapt2/chapt2_ws/install/example_cpp/share/example_cpp/environment/ament_prefix_path.sh
[2.446s] -- Installing: /home/ymz/Codes/ros2_learning/chapt2/chapt2_ws/install/example_cpp/share/example_cpp/environment/ament_prefix_path.dsv
[2.446s] -- Installing: /home/ymz/Codes/ros2_learning/chapt2/chapt2_ws/install/example_cpp/share/example_cpp/environment/path.sh
[2.446s] -- Installing: /home/ymz/Codes/ros2_learning/chapt2/chapt2_ws/install/example_cpp/share/example_cpp/environment/path.dsv
[2.446s] -- Installing: /home/ymz/Codes/ros2_learning/chapt2/chapt2_ws/install/example_cpp/share/example_cpp/local_setup.bash
[2.446s] -- Installing: /home/ymz/Codes/ros2_learning/chapt2/chapt2_ws/install/example_cpp/share/example_cpp/local_setup.sh
[2.446s] -- Installing: /home/ymz/Codes/ros2_learning/chapt2/chapt2_ws/install/example_cpp/share/example_cpp/local_setup.zsh
[2.446s] -- Installing: /home/ymz/Codes/ros2_learning/chapt2/chapt2_ws/install/example_cpp/share/example_cpp/local_setup.dsv
[2.446s] -- Installing: /home/ymz/Codes/ros2_learning/chapt2/chapt2_ws/install/example_cpp/share/example_cpp/package.dsv
[2.446s] -- Installing: /home/ymz/Codes/ros2_learning/chapt2/chapt2_ws/install/example_cpp/share/ament_index/resource_index/packages/example_cpp
[2.446s] -- Installing: /home/ymz/Codes/ros2_learning/chapt2/chapt2_ws/install/example_cpp/share/example_cpp/cmake/example_cppConfig.cmake
[2.446s] -- Installing: /home/ymz/Codes/ros2_learning/chapt2/chapt2_ws/install/example_cpp/share/example_cpp/cmake/example_cppConfig-version.cmake
[2.446s] -- Installing: /home/ymz/Codes/ros2_learning/chapt2/chapt2_ws/install/example_cpp/share/example_cpp/package.xml
[2.446s] -- Installing: /home/ymz/Codes/ros2_learning/chapt2/chapt2_ws/install/example_cpp/lib/example_cpp/node_01
[2.447s] -- Set runtime path of "/home/ymz/Codes/ros2_learning/chapt2/chapt2_ws/install/example_cpp/lib/example_cpp/node_01" to ""
[2.453s] Invoked command in '/home/ymz/Codes/ros2_learning/chapt2/chapt2_ws/build/example_cpp' returned '0': CMAKE_PREFIX_PATH=/opt/ros/humble /usr/bin/cmake --install /home/ymz/Codes/ros2_learning/chapt2/chapt2_ws/build/example_cpp
