[0.008s] Invoking command in '/home/ymz/Codes/ros2_learning/chapt3/chapt3_ws/build/example_topic_rclcpp': CMAKE_PREFIX_PATH=${CMAKE_PREFIX_PATH}:/opt/ros/humble /usr/bin/cmake --build /home/ymz/Codes/ros2_learning/chapt3/chapt3_ws/build/example_topic_rclcpp -- -j2 -l2
[0.050s] [35m[1mConsolidate compiler generated dependencies of target topic_publisher_01[0m
[0.060s] [ 50%] [32mBuilding CXX object CMakeFiles/topic_publisher_01.dir/src/topic_publisher_01.cpp.o[0m
[2.479s] [100%] [32m[1mLinking CXX executable topic_publisher_01[0m
[2.578s] [100%] Built target topic_publisher_01
[2.588s] Invoked command in '/home/ymz/Codes/ros2_learning/chapt3/chapt3_ws/build/example_topic_rclcpp' returned '0': CMAKE_PREFIX_PATH=${CMAKE_PREFIX_PATH}:/opt/ros/humble /usr/bin/cmake --build /home/ymz/Codes/ros2_learning/chapt3/chapt3_ws/build/example_topic_rclcpp -- -j2 -l2
[2.614s] Invoking command in '/home/ymz/Codes/ros2_learning/chapt3/chapt3_ws/build/example_topic_rclcpp': CMAKE_PREFIX_PATH=${CMAKE_PREFIX_PATH}:/opt/ros/humble /usr/bin/cmake --install /home/ymz/Codes/ros2_learning/chapt3/chapt3_ws/build/example_topic_rclcpp
[2.617s] -- Install configuration: ""
[2.618s] -- Installing: /home/ymz/Codes/ros2_learning/chapt3/chapt3_ws/install/example_topic_rclcpp/share/ament_index/resource_index/package_run_dependencies/example_topic_rclcpp
[2.618s] -- Installing: /home/ymz/Codes/ros2_learning/chapt3/chapt3_ws/install/example_topic_rclcpp/share/ament_index/resource_index/parent_prefix_path/example_topic_rclcpp
[2.618s] -- Up-to-date: /home/ymz/Codes/ros2_learning/chapt3/chapt3_ws/install/example_topic_rclcpp/share/example_topic_rclcpp/environment/ament_prefix_path.sh
[2.618s] -- Installing: /home/ymz/Codes/ros2_learning/chapt3/chapt3_ws/install/example_topic_rclcpp/share/example_topic_rclcpp/environment/ament_prefix_path.dsv
[2.618s] -- Up-to-date: /home/ymz/Codes/ros2_learning/chapt3/chapt3_ws/install/example_topic_rclcpp/share/example_topic_rclcpp/environment/path.sh
[2.618s] -- Installing: /home/ymz/Codes/ros2_learning/chapt3/chapt3_ws/install/example_topic_rclcpp/share/example_topic_rclcpp/environment/path.dsv
[2.618s] -- Up-to-date: /home/ymz/Codes/ros2_learning/chapt3/chapt3_ws/install/example_topic_rclcpp/share/example_topic_rclcpp/local_setup.bash
[2.619s] -- Up-to-date: /home/ymz/Codes/ros2_learning/chapt3/chapt3_ws/install/example_topic_rclcpp/share/example_topic_rclcpp/local_setup.sh
[2.619s] -- Up-to-date: /home/ymz/Codes/ros2_learning/chapt3/chapt3_ws/install/example_topic_rclcpp/share/example_topic_rclcpp/local_setup.zsh
[2.619s] -- Installing: /home/ymz/Codes/ros2_learning/chapt3/chapt3_ws/install/example_topic_rclcpp/share/example_topic_rclcpp/local_setup.dsv
[2.619s] -- Installing: /home/ymz/Codes/ros2_learning/chapt3/chapt3_ws/install/example_topic_rclcpp/share/example_topic_rclcpp/package.dsv
[2.619s] -- Up-to-date: /home/ymz/Codes/ros2_learning/chapt3/chapt3_ws/install/example_topic_rclcpp/share/ament_index/resource_index/packages/example_topic_rclcpp
[2.619s] -- Up-to-date: /home/ymz/Codes/ros2_learning/chapt3/chapt3_ws/install/example_topic_rclcpp/share/example_topic_rclcpp/cmake/example_topic_rclcppConfig.cmake
[2.619s] -- Up-to-date: /home/ymz/Codes/ros2_learning/chapt3/chapt3_ws/install/example_topic_rclcpp/share/example_topic_rclcpp/cmake/example_topic_rclcppConfig-version.cmake
[2.619s] -- Installing: /home/ymz/Codes/ros2_learning/chapt3/chapt3_ws/install/example_topic_rclcpp/share/example_topic_rclcpp/package.xml
[2.619s] -- Installing: /home/ymz/Codes/ros2_learning/chapt3/chapt3_ws/install/example_topic_rclcpp/lib/example_topic_rclcpp/topic_publisher_01
[2.621s] -- Set runtime path of "/home/ymz/Codes/ros2_learning/chapt3/chapt3_ws/install/example_topic_rclcpp/lib/example_topic_rclcpp/topic_publisher_01" to ""
[2.623s] Invoked command in '/home/ymz/Codes/ros2_learning/chapt3/chapt3_ws/build/example_topic_rclcpp' returned '0': CMAKE_PREFIX_PATH=${CMAKE_PREFIX_PATH}:/opt/ros/humble /usr/bin/cmake --install /home/ymz/Codes/ros2_learning/chapt3/chapt3_ws/build/example_topic_rclcpp
