[0.007s] Invoking command in '/home/ymz/Codes/ros2_learning/chapt3/chapt3_ws/build/example_topic_rclcpp': CMAKE_PREFIX_PATH=/opt/ros/humble /usr/bin/cmake --build /home/ymz/Codes/ros2_learning/chapt3/chapt3_ws/build/example_topic_rclcpp -- -j4 -l4
[0.022s] -- Found ament_cmake: 1.3.10 (/opt/ros/humble/share/ament_cmake/cmake)
[0.101s] -- Found rclcpp: 16.0.10 (/opt/ros/humble/share/rclcpp/cmake)
[0.111s] [33mCMake Warning at /opt/ros/humble/share/rcutils/cmake/ament_cmake_export_libraries-extras.cmake:116 (message):
[0.111s]   Package 'rcutils' exports library 'dl' which couldn't be found
[0.111s] Call Stack (most recent call first):
[0.111s]   /opt/ros/humble/share/rcutils/cmake/rcutilsConfig.cmake:41 (include)
[0.111s]   /opt/ros/humble/share/rosidl_runtime_c/cmake/ament_cmake_export_dependencies-extras.cmake:21 (find_package)
[0.111s]   /opt/ros/humble/share/rosidl_runtime_c/cmake/rosidl_runtime_cConfig.cmake:41 (include)
[0.111s]   /opt/ros/humble/share/builtin_interfaces/cmake/ament_cmake_export_dependencies-extras.cmake:21 (find_package)
[0.111s]   /opt/ros/humble/share/builtin_interfaces/cmake/builtin_interfacesConfig.cmake:41 (include)
[0.111s]   /opt/ros/humble/share/libstatistics_collector/cmake/ament_cmake_export_dependencies-extras.cmake:21 (find_package)
[0.111s]   /opt/ros/humble/share/libstatistics_collector/cmake/libstatistics_collectorConfig.cmake:41 (include)
[0.111s]   /opt/ros/humble/share/rclcpp/cmake/ament_cmake_export_dependencies-extras.cmake:21 (find_package)
[0.111s]   /opt/ros/humble/share/rclcpp/cmake/rclcppConfig.cmake:41 (include)
[0.111s]   CMakeLists.txt:10 (find_package)
[0.111s] 
[0.111s] [0m
[0.116s] -- Found rosidl_generator_c: 3.1.5 (/opt/ros/humble/share/rosidl_generator_c/cmake)
[0.118s] -- Found rosidl_adapter: 3.1.5 (/opt/ros/humble/share/rosidl_adapter/cmake)
[0.121s] -- Found rosidl_generator_cpp: 3.1.5 (/opt/ros/humble/share/rosidl_generator_cpp/cmake)
[0.127s] -- Using all available rosidl_typesupport_c: rosidl_typesupport_fastrtps_c;rosidl_typesupport_introspection_c
[0.134s] -- Using all available rosidl_typesupport_cpp: rosidl_typesupport_fastrtps_cpp;rosidl_typesupport_introspection_cpp
[0.154s] -- Found rmw_implementation_cmake: 6.1.2 (/opt/ros/humble/share/rmw_implementation_cmake/cmake)
[0.155s] -- Found rmw_fastrtps_cpp: 6.2.7 (/opt/ros/humble/share/rmw_fastrtps_cpp/cmake)
[0.193s] -- Using RMW implementation 'rmw_fastrtps_cpp' as default
[0.196s] [31mCMake Error at /opt/ros/humble/share/rcl_logging_spdlog/cmake/ament_cmake_export_dependencies-extras.cmake:21 (find_package):
[0.196s]   By not providing "Findspdlog.cmake" in CMAKE_MODULE_PATH this project has
[0.196s]   asked CMake to find a package configuration file provided by "spdlog", but
[0.196s]   CMake did not find one.
[0.196s] 
[0.196s]   Could not find a package configuration file provided by "spdlog" with any
[0.196s]   of the following names:
[0.196s] 
[0.196s]     spdlogConfig.cmake
[0.196s]     spdlog-config.cmake
[0.196s] 
[0.196s]   Add the installation prefix of "spdlog" to CMAKE_PREFIX_PATH or set
[0.196s]   "spdlog_DIR" to a directory containing one of the above files.  If "spdlog"
[0.197s]   provides a separate development package or SDK, be sure it has been
[0.197s]   installed.
[0.197s] Call Stack (most recent call first):
[0.197s]   /opt/ros/humble/share/rcl_logging_spdlog/cmake/rcl_logging_spdlogConfig.cmake:41 (include)
[0.197s]   /opt/ros/humble/share/rcl/cmake/ament_cmake_export_dependencies-extras.cmake:21 (find_package)
[0.197s]   /opt/ros/humble/share/rcl/cmake/rclConfig.cmake:41 (include)
[0.197s]   /opt/ros/humble/share/libstatistics_collector/cmake/ament_cmake_export_dependencies-extras.cmake:21 (find_package)
[0.197s]   /opt/ros/humble/share/libstatistics_collector/cmake/libstatistics_collectorConfig.cmake:41 (include)
[0.197s]   /opt/ros/humble/share/rclcpp/cmake/ament_cmake_export_dependencies-extras.cmake:21 (find_package)
[0.197s]   /opt/ros/humble/share/rclcpp/cmake/rclcppConfig.cmake:41 (include)
[0.197s]   CMakeLists.txt:10 (find_package)
[0.197s] 
[0.197s] [0m
[0.198s] -- Configuring incomplete, errors occurred!
[0.198s] See also "/home/ymz/Codes/ros2_learning/chapt3/chapt3_ws/build/example_topic_rclcpp/CMakeFiles/CMakeOutput.log".
[0.199s] gmake: *** [Makefile:267: cmake_check_build_system] Error 1
[0.202s] Invoked command in '/home/ymz/Codes/ros2_learning/chapt3/chapt3_ws/build/example_topic_rclcpp' returned '2': CMAKE_PREFIX_PATH=/opt/ros/humble /usr/bin/cmake --build /home/ymz/Codes/ros2_learning/chapt3/chapt3_ws/build/example_topic_rclcpp -- -j4 -l4
