[0.020s] Invoking command in '/home/ymz/Codes/ros2_learning/chapt3/chapt3_ws/build/example_service_rclcpp': CMAKE_PREFIX_PATH=${CMAKE_PREFIX_PATH}:/opt/ros/humble /usr/bin/cmake --build /home/ymz/Codes/ros2_learning/chapt3/chapt3_ws/build/example_service_rclcpp -- -j4 -l4
[0.116s] [35m[1mConsolidate compiler generated dependencies of target service_client_01[0m
[0.123s] [35m[1mConsolidate compiler generated dependencies of target service_server_01[0m
[0.158s] [ 25%] [32mBuilding CXX object CMakeFiles/service_client_01.dir/src/service_client_01.cpp.o[0m
[0.169s] [ 75%] Built target service_server_01
[3.312s] [100%] [32m[1mLinking CXX executable service_client_01[0m
[3.514s] [100%] Built target service_client_01
[3.538s] Invoked command in '/home/ymz/Codes/ros2_learning/chapt3/chapt3_ws/build/example_service_rclcpp' returned '0': CMAKE_PREFIX_PATH=${CMAKE_PREFIX_PATH}:/opt/ros/humble /usr/bin/cmake --build /home/ymz/Codes/ros2_learning/chapt3/chapt3_ws/build/example_service_rclcpp -- -j4 -l4
[3.638s] Invoking command in '/home/ymz/Codes/ros2_learning/chapt3/chapt3_ws/build/example_service_rclcpp': CMAKE_PREFIX_PATH=${CMAKE_PREFIX_PATH}:/opt/ros/humble /usr/bin/cmake --install /home/ymz/Codes/ros2_learning/chapt3/chapt3_ws/build/example_service_rclcpp
[3.649s] -- Install configuration: ""
[3.650s] -- Up-to-date: /home/ymz/Codes/ros2_learning/chapt3/chapt3_ws/install/example_service_rclcpp/share/ament_index/resource_index/package_run_dependencies/example_service_rclcpp
[3.650s] -- Up-to-date: /home/ymz/Codes/ros2_learning/chapt3/chapt3_ws/install/example_service_rclcpp/share/ament_index/resource_index/parent_prefix_path/example_service_rclcpp
[3.650s] -- Up-to-date: /home/ymz/Codes/ros2_learning/chapt3/chapt3_ws/install/example_service_rclcpp/share/example_service_rclcpp/environment/ament_prefix_path.sh
[3.650s] -- Up-to-date: /home/ymz/Codes/ros2_learning/chapt3/chapt3_ws/install/example_service_rclcpp/share/example_service_rclcpp/environment/ament_prefix_path.dsv
[3.650s] -- Up-to-date: /home/ymz/Codes/ros2_learning/chapt3/chapt3_ws/install/example_service_rclcpp/share/example_service_rclcpp/environment/path.sh
[3.650s] -- Up-to-date: /home/ymz/Codes/ros2_learning/chapt3/chapt3_ws/install/example_service_rclcpp/share/example_service_rclcpp/environment/path.dsv
[3.650s] -- Up-to-date: /home/ymz/Codes/ros2_learning/chapt3/chapt3_ws/install/example_service_rclcpp/share/example_service_rclcpp/local_setup.bash
[3.650s] -- Up-to-date: /home/ymz/Codes/ros2_learning/chapt3/chapt3_ws/install/example_service_rclcpp/share/example_service_rclcpp/local_setup.sh
[3.650s] -- Up-to-date: /home/ymz/Codes/ros2_learning/chapt3/chapt3_ws/install/example_service_rclcpp/share/example_service_rclcpp/local_setup.zsh
[3.651s] -- Up-to-date: /home/ymz/Codes/ros2_learning/chapt3/chapt3_ws/install/example_service_rclcpp/share/example_service_rclcpp/local_setup.dsv
[3.651s] -- Installing: /home/ymz/Codes/ros2_learning/chapt3/chapt3_ws/install/example_service_rclcpp/share/example_service_rclcpp/package.dsv
[3.651s] -- Up-to-date: /home/ymz/Codes/ros2_learning/chapt3/chapt3_ws/install/example_service_rclcpp/share/ament_index/resource_index/packages/example_service_rclcpp
[3.651s] -- Up-to-date: /home/ymz/Codes/ros2_learning/chapt3/chapt3_ws/install/example_service_rclcpp/share/example_service_rclcpp/cmake/example_service_rclcppConfig.cmake
[3.651s] -- Up-to-date: /home/ymz/Codes/ros2_learning/chapt3/chapt3_ws/install/example_service_rclcpp/share/example_service_rclcpp/cmake/example_service_rclcppConfig-version.cmake
[3.651s] -- Up-to-date: /home/ymz/Codes/ros2_learning/chapt3/chapt3_ws/install/example_service_rclcpp/share/example_service_rclcpp/package.xml
[3.652s] -- Up-to-date: /home/ymz/Codes/ros2_learning/chapt3/chapt3_ws/install/example_service_rclcpp/lib/example_service_rclcpp/service_server_01
[3.654s] -- Installing: /home/ymz/Codes/ros2_learning/chapt3/chapt3_ws/install/example_service_rclcpp/lib/example_service_rclcpp/service_client_01
[3.656s] -- Set runtime path of "/home/ymz/Codes/ros2_learning/chapt3/chapt3_ws/install/example_service_rclcpp/lib/example_service_rclcpp/service_client_01" to ""
[3.659s] Invoked command in '/home/ymz/Codes/ros2_learning/chapt3/chapt3_ws/build/example_service_rclcpp' returned '0': CMAKE_PREFIX_PATH=${CMAKE_PREFIX_PATH}:/opt/ros/humble /usr/bin/cmake --install /home/ymz/Codes/ros2_learning/chapt3/chapt3_ws/build/example_service_rclcpp
