[0.008s] Invoking command in '/home/ymz/Codes/ros2_learning/chapt3/chapt3_ws/build/example_topic_rclcpp': CMAKE_PREFIX_PATH=${CMAKE_PREFIX_PATH}:/opt/ros/humble /usr/bin/cmake --build /home/ymz/Codes/ros2_learning/chapt3/chapt3_ws/build/example_topic_rclcpp -- -j4 -l4
[0.022s] -- Found ament_cmake: 1.3.10 (/opt/ros/humble/share/ament_cmake/cmake)
[0.101s] -- Found rclcpp: 16.0.10 (/opt/ros/humble/share/rclcpp/cmake)
[0.117s] -- Found rosidl_generator_c: 3.1.5 (/opt/ros/humble/share/rosidl_generator_c/cmake)
[0.119s] -- Found rosidl_adapter: 3.1.5 (/opt/ros/humble/share/rosidl_adapter/cmake)
[0.122s] -- Found rosidl_generator_cpp: 3.1.5 (/opt/ros/humble/share/rosidl_generator_cpp/cmake)
[0.128s] -- Using all available rosidl_typesupport_c: rosidl_typesupport_fastrtps_c;rosidl_typesupport_introspection_c
[0.136s] -- Using all available rosidl_typesupport_cpp: rosidl_typesupport_fastrtps_cpp;rosidl_typesupport_introspection_cpp
[0.155s] -- Found rmw_implementation_cmake: 6.1.2 (/opt/ros/humble/share/rmw_implementation_cmake/cmake)
[0.155s] -- Found rmw_fastrtps_cpp: 6.2.7 (/opt/ros/humble/share/rmw_fastrtps_cpp/cmake)
[0.212s] -- Using RMW implementation 'rmw_fastrtps_cpp' as default
[0.242s] -- Found ament_lint_auto: 0.12.11 (/opt/ros/humble/share/ament_lint_auto/cmake)
[0.286s] -- Added test 'cppcheck' to perform static code analysis on C / C++ code
[0.286s] -- Configured cppcheck include dirs: 
[0.286s] -- Configured cppcheck exclude dirs and/or files: 
[0.286s] -- Added test 'lint_cmake' to check CMake code style
[0.286s] -- Added test 'uncrustify' to check C / C++ code style
[0.286s] -- Configured uncrustify additional arguments: 
[0.286s] -- Added test 'xmllint' to check XML markup files
[0.288s] -- Configuring done
[0.295s] -- Generating done
[0.296s] -- Build files have been written to: /home/ymz/Codes/ros2_learning/chapt3/chapt3_ws/build/example_topic_rclcpp
[0.312s] [35m[1mConsolidate compiler generated dependencies of target topic_publisher_01[0m
[0.317s] [ 25%] [32mBuilding CXX object CMakeFiles/topic_subscriber_01.dir/src/topic_subscriber_01.cpp.o[0m
[0.321s] [ 75%] Built target topic_publisher_01
[2.269s] [100%] [32m[1mLinking CXX executable topic_subscriber_01[0m
[2.354s] [100%] Built target topic_subscriber_01
[2.363s] Invoked command in '/home/ymz/Codes/ros2_learning/chapt3/chapt3_ws/build/example_topic_rclcpp' returned '0': CMAKE_PREFIX_PATH=${CMAKE_PREFIX_PATH}:/opt/ros/humble /usr/bin/cmake --build /home/ymz/Codes/ros2_learning/chapt3/chapt3_ws/build/example_topic_rclcpp -- -j4 -l4
[2.386s] Invoking command in '/home/ymz/Codes/ros2_learning/chapt3/chapt3_ws/build/example_topic_rclcpp': CMAKE_PREFIX_PATH=${CMAKE_PREFIX_PATH}:/opt/ros/humble /usr/bin/cmake --install /home/ymz/Codes/ros2_learning/chapt3/chapt3_ws/build/example_topic_rclcpp
[2.390s] -- Install configuration: ""
[2.392s] -- Up-to-date: /home/ymz/Codes/ros2_learning/chapt3/chapt3_ws/install/example_topic_rclcpp/share/ament_index/resource_index/package_run_dependencies/example_topic_rclcpp
[2.393s] -- Installing: /home/ymz/Codes/ros2_learning/chapt3/chapt3_ws/install/example_topic_rclcpp/share/ament_index/resource_index/parent_prefix_path/example_topic_rclcpp
[2.393s] -- Up-to-date: /home/ymz/Codes/ros2_learning/chapt3/chapt3_ws/install/example_topic_rclcpp/share/example_topic_rclcpp/environment/ament_prefix_path.sh
[2.393s] -- Installing: /home/ymz/Codes/ros2_learning/chapt3/chapt3_ws/install/example_topic_rclcpp/share/example_topic_rclcpp/environment/ament_prefix_path.dsv
[2.393s] -- Up-to-date: /home/ymz/Codes/ros2_learning/chapt3/chapt3_ws/install/example_topic_rclcpp/share/example_topic_rclcpp/environment/path.sh
[2.393s] -- Installing: /home/ymz/Codes/ros2_learning/chapt3/chapt3_ws/install/example_topic_rclcpp/share/example_topic_rclcpp/environment/path.dsv
[2.393s] -- Up-to-date: /home/ymz/Codes/ros2_learning/chapt3/chapt3_ws/install/example_topic_rclcpp/share/example_topic_rclcpp/local_setup.bash
[2.393s] -- Up-to-date: /home/ymz/Codes/ros2_learning/chapt3/chapt3_ws/install/example_topic_rclcpp/share/example_topic_rclcpp/local_setup.sh
[2.393s] -- Up-to-date: /home/ymz/Codes/ros2_learning/chapt3/chapt3_ws/install/example_topic_rclcpp/share/example_topic_rclcpp/local_setup.zsh
[2.393s] -- Installing: /home/ymz/Codes/ros2_learning/chapt3/chapt3_ws/install/example_topic_rclcpp/share/example_topic_rclcpp/local_setup.dsv
[2.394s] -- Installing: /home/ymz/Codes/ros2_learning/chapt3/chapt3_ws/install/example_topic_rclcpp/share/example_topic_rclcpp/package.dsv
[2.394s] -- Up-to-date: /home/ymz/Codes/ros2_learning/chapt3/chapt3_ws/install/example_topic_rclcpp/share/ament_index/resource_index/packages/example_topic_rclcpp
[2.394s] -- Up-to-date: /home/ymz/Codes/ros2_learning/chapt3/chapt3_ws/install/example_topic_rclcpp/share/example_topic_rclcpp/cmake/example_topic_rclcppConfig.cmake
[2.394s] -- Up-to-date: /home/ymz/Codes/ros2_learning/chapt3/chapt3_ws/install/example_topic_rclcpp/share/example_topic_rclcpp/cmake/example_topic_rclcppConfig-version.cmake
[2.394s] -- Up-to-date: /home/ymz/Codes/ros2_learning/chapt3/chapt3_ws/install/example_topic_rclcpp/share/example_topic_rclcpp/package.xml
[2.394s] -- Up-to-date: /home/ymz/Codes/ros2_learning/chapt3/chapt3_ws/install/example_topic_rclcpp/lib/example_topic_rclcpp/topic_publisher_01
[2.394s] -- Installing: /home/ymz/Codes/ros2_learning/chapt3/chapt3_ws/install/example_topic_rclcpp/lib/example_topic_rclcpp/topic_subscriber_01
[2.394s] -- Set runtime path of "/home/ymz/Codes/ros2_learning/chapt3/chapt3_ws/install/example_topic_rclcpp/lib/example_topic_rclcpp/topic_subscriber_01" to ""
[2.394s] Invoked command in '/home/ymz/Codes/ros2_learning/chapt3/chapt3_ws/build/example_topic_rclcpp' returned '0': CMAKE_PREFIX_PATH=${CMAKE_PREFIX_PATH}:/opt/ros/humble /usr/bin/cmake --install /home/ymz/Codes/ros2_learning/chapt3/chapt3_ws/build/example_topic_rclcpp
