[0.021s] Invoking command in '/home/ymz/Codes/ros2_learning/chapt3/chapt3_ws/build/example_service_rclcpp': CMAKE_PREFIX_PATH=${CMAKE_PREFIX_PATH}:/opt/ros/humble /usr/bin/cmake --build /home/ymz/Codes/ros2_learning/chapt3/chapt3_ws/build/example_service_rclcpp -- -j4 -l4
[0.121s] [35m[1mConsolidate compiler generated dependencies of target service_client_01[0m
[0.121s] [35m[1mConsolidate compiler generated dependencies of target service_server_01[0m
[0.150s] [ 25%] [32mBuilding CXX object CMakeFiles/service_server_01.dir/src/service_server_01.cpp.o[0m
[0.162s] [ 75%] Built target service_client_01
[3.955s] [100%] [32m[1mLinking CXX executable service_server_01[0m
[4.228s] [100%] Built target service_server_01
[4.246s] Invoked command in '/home/ymz/Codes/ros2_learning/chapt3/chapt3_ws/build/example_service_rclcpp' returned '0': CMAKE_PREFIX_PATH=${CMAKE_PREFIX_PATH}:/opt/ros/humble /usr/bin/cmake --build /home/ymz/Codes/ros2_learning/chapt3/chapt3_ws/build/example_service_rclcpp -- -j4 -l4
[4.351s] Invoking command in '/home/ymz/Codes/ros2_learning/chapt3/chapt3_ws/build/example_service_rclcpp': CMAKE_PREFIX_PATH=${CMAKE_PREFIX_PATH}:/opt/ros/humble /usr/bin/cmake --install /home/ymz/Codes/ros2_learning/chapt3/chapt3_ws/build/example_service_rclcpp
[4.365s] -- Install configuration: ""
[4.365s] -- Installing: /home/ymz/Codes/ros2_learning/chapt3/chapt3_ws/install/example_service_rclcpp/share/ament_index/resource_index/package_run_dependencies/example_service_rclcpp
[4.366s] -- Installing: /home/ymz/Codes/ros2_learning/chapt3/chapt3_ws/install/example_service_rclcpp/share/ament_index/resource_index/parent_prefix_path/example_service_rclcpp
[4.366s] -- Up-to-date: /home/ymz/Codes/ros2_learning/chapt3/chapt3_ws/install/example_service_rclcpp/share/example_service_rclcpp/environment/ament_prefix_path.sh
[4.366s] -- Installing: /home/ymz/Codes/ros2_learning/chapt3/chapt3_ws/install/example_service_rclcpp/share/example_service_rclcpp/environment/ament_prefix_path.dsv
[4.367s] -- Up-to-date: /home/ymz/Codes/ros2_learning/chapt3/chapt3_ws/install/example_service_rclcpp/share/example_service_rclcpp/environment/path.sh
[4.368s] -- Installing: /home/ymz/Codes/ros2_learning/chapt3/chapt3_ws/install/example_service_rclcpp/share/example_service_rclcpp/environment/path.dsv
[4.368s] -- Up-to-date: /home/ymz/Codes/ros2_learning/chapt3/chapt3_ws/install/example_service_rclcpp/share/example_service_rclcpp/local_setup.bash
[4.369s] -- Up-to-date: /home/ymz/Codes/ros2_learning/chapt3/chapt3_ws/install/example_service_rclcpp/share/example_service_rclcpp/local_setup.sh
[4.369s] -- Up-to-date: /home/ymz/Codes/ros2_learning/chapt3/chapt3_ws/install/example_service_rclcpp/share/example_service_rclcpp/local_setup.zsh
[4.369s] -- Installing: /home/ymz/Codes/ros2_learning/chapt3/chapt3_ws/install/example_service_rclcpp/share/example_service_rclcpp/local_setup.dsv
[4.370s] -- Installing: /home/ymz/Codes/ros2_learning/chapt3/chapt3_ws/install/example_service_rclcpp/share/example_service_rclcpp/package.dsv
[4.370s] -- Up-to-date: /home/ymz/Codes/ros2_learning/chapt3/chapt3_ws/install/example_service_rclcpp/share/ament_index/resource_index/packages/example_service_rclcpp
[4.370s] -- Up-to-date: /home/ymz/Codes/ros2_learning/chapt3/chapt3_ws/install/example_service_rclcpp/share/example_service_rclcpp/cmake/example_service_rclcppConfig.cmake
[4.370s] -- Up-to-date: /home/ymz/Codes/ros2_learning/chapt3/chapt3_ws/install/example_service_rclcpp/share/example_service_rclcpp/cmake/example_service_rclcppConfig-version.cmake
[4.370s] -- Installing: /home/ymz/Codes/ros2_learning/chapt3/chapt3_ws/install/example_service_rclcpp/share/example_service_rclcpp/package.xml
[4.371s] -- Installing: /home/ymz/Codes/ros2_learning/chapt3/chapt3_ws/install/example_service_rclcpp/lib/example_service_rclcpp/service_server_01
[4.374s] -- Set runtime path of "/home/ymz/Codes/ros2_learning/chapt3/chapt3_ws/install/example_service_rclcpp/lib/example_service_rclcpp/service_server_01" to ""
[4.376s] -- Installing: /home/ymz/Codes/ros2_learning/chapt3/chapt3_ws/install/example_service_rclcpp/lib/example_service_rclcpp/service_client_01
[4.377s] -- Set runtime path of "/home/ymz/Codes/ros2_learning/chapt3/chapt3_ws/install/example_service_rclcpp/lib/example_service_rclcpp/service_client_01" to ""
[4.380s] Invoked command in '/home/ymz/Codes/ros2_learning/chapt3/chapt3_ws/build/example_service_rclcpp' returned '0': CMAKE_PREFIX_PATH=${CMAKE_PREFIX_PATH}:/opt/ros/humble /usr/bin/cmake --install /home/ymz/Codes/ros2_learning/chapt3/chapt3_ws/build/example_service_rclcpp
