[0.098s] DEBUG:colcon:Command line arguments: ['/usr/bin/colcon', 'build', '--packages-select', 'example_topic_rclcpp']
[0.098s] DEBUG:colcon:Parsed command line arguments: Namespace(log_base=None, log_level=None, verb_name='build', build_base='build', install_base='install', merge_install=False, symlink_install=False, test_result_base=None, continue_on_error=False, executor='parallel', parallel_workers=2, event_handlers=None, ignore_user_meta=False, metas=['./colcon.meta'], base_paths=['.'], packages_ignore=None, packages_ignore_regex=None, paths=None, packages_up_to=None, packages_up_to_regex=None, packages_above=None, packages_above_and_dependencies=None, packages_above_depth=None, packages_select_by_dep=None, packages_skip_by_dep=None, packages_skip_up_to=None, packages_select_build_failed=False, packages_skip_build_finished=False, packages_select_test_failures=False, packages_skip_test_passed=False, packages_select=['example_topic_rclcpp'], packages_skip=None, packages_select_regex=None, packages_skip_regex=None, packages_start=None, packages_end=None, allow_overriding=[], cmake_args=None, cmake_target=None, cmake_target_skip_unavailable=False, cmake_clean_cache=False, cmake_clean_first=False, cmake_force_configure=False, ament_cmake_args=None, catkin_cmake_args=None, catkin_skip_building_tests=False, verb_parser=<colcon_defaults.argument_parser.defaults.DefaultArgumentsDecorator object at 0xffffa11685e0>, verb_extension=<colcon_core.verb.build.BuildVerb object at 0xffffa12fdc30>, main=<bound method BuildVerb.main of <colcon_core.verb.build.BuildVerb object at 0xffffa12fdc30>>)
[0.213s] Level 1:colcon.colcon_core.package_discovery:discover_packages(colcon_meta) check parameters
[0.213s] Level 1:colcon.colcon_core.package_discovery:discover_packages(recursive) check parameters
[0.213s] Level 1:colcon.colcon_core.package_discovery:discover_packages(ignore) check parameters
[0.213s] Level 1:colcon.colcon_core.package_discovery:discover_packages(path) check parameters
[0.213s] Level 1:colcon.colcon_core.package_discovery:discover_packages(colcon_meta) discover
[0.213s] Level 1:colcon.colcon_core.package_discovery:discover_packages(recursive) discover
[0.214s] INFO:colcon.colcon_core.package_discovery:Crawling recursively for packages in '/home/ymz/Codes/ros2_learning/chapt3/chapt3_ws'
[0.214s] Level 1:colcon.colcon_core.package_identification:_identify(.) by extensions ['ignore', 'ignore_ament_install']
[0.214s] Level 1:colcon.colcon_core.package_identification:_identify(.) by extension 'ignore'
[0.214s] Level 1:colcon.colcon_core.package_identification:_identify(.) by extension 'ignore_ament_install'
[0.214s] Level 1:colcon.colcon_core.package_identification:_identify(.) by extensions ['colcon_pkg']
[0.214s] Level 1:colcon.colcon_core.package_identification:_identify(.) by extension 'colcon_pkg'
[0.214s] Level 1:colcon.colcon_core.package_identification:_identify(.) by extensions ['colcon_meta']
[0.214s] Level 1:colcon.colcon_core.package_identification:_identify(.) by extension 'colcon_meta'
[0.214s] Level 1:colcon.colcon_core.package_identification:_identify(.) by extensions ['ros']
[0.214s] Level 1:colcon.colcon_core.package_identification:_identify(.) by extension 'ros'
[0.222s] Level 1:colcon.colcon_core.package_identification:_identify(.) by extensions ['cmake', 'python']
[0.222s] Level 1:colcon.colcon_core.package_identification:_identify(.) by extension 'cmake'
[0.222s] Level 1:colcon.colcon_core.package_identification:_identify(.) by extension 'python'
[0.222s] Level 1:colcon.colcon_core.package_identification:_identify(.) by extensions ['python_setup_py']
[0.222s] Level 1:colcon.colcon_core.package_identification:_identify(.) by extension 'python_setup_py'
[0.223s] Level 1:colcon.colcon_core.package_identification:_identify(build) by extensions ['ignore', 'ignore_ament_install']
[0.223s] Level 1:colcon.colcon_core.package_identification:_identify(build) by extension 'ignore'
[0.223s] Level 1:colcon.colcon_core.package_identification:_identify(build) ignored
[0.223s] Level 1:colcon.colcon_core.package_identification:_identify(install) by extensions ['ignore', 'ignore_ament_install']
[0.223s] Level 1:colcon.colcon_core.package_identification:_identify(install) by extension 'ignore'
[0.223s] Level 1:colcon.colcon_core.package_identification:_identify(install) ignored
[0.223s] Level 1:colcon.colcon_core.package_identification:_identify(log) by extensions ['ignore', 'ignore_ament_install']
[0.223s] Level 1:colcon.colcon_core.package_identification:_identify(log) by extension 'ignore'
[0.223s] Level 1:colcon.colcon_core.package_identification:_identify(log) ignored
[0.223s] Level 1:colcon.colcon_core.package_identification:_identify(src) by extensions ['ignore', 'ignore_ament_install']
[0.223s] Level 1:colcon.colcon_core.package_identification:_identify(src) by extension 'ignore'
[0.223s] Level 1:colcon.colcon_core.package_identification:_identify(src) by extension 'ignore_ament_install'
[0.223s] Level 1:colcon.colcon_core.package_identification:_identify(src) by extensions ['colcon_pkg']
[0.223s] Level 1:colcon.colcon_core.package_identification:_identify(src) by extension 'colcon_pkg'
[0.223s] Level 1:colcon.colcon_core.package_identification:_identify(src) by extensions ['colcon_meta']
[0.224s] Level 1:colcon.colcon_core.package_identification:_identify(src) by extension 'colcon_meta'
[0.224s] Level 1:colcon.colcon_core.package_identification:_identify(src) by extensions ['ros']
[0.224s] Level 1:colcon.colcon_core.package_identification:_identify(src) by extension 'ros'
[0.224s] Level 1:colcon.colcon_core.package_identification:_identify(src) by extensions ['cmake', 'python']
[0.224s] Level 1:colcon.colcon_core.package_identification:_identify(src) by extension 'cmake'
[0.224s] Level 1:colcon.colcon_core.package_identification:_identify(src) by extension 'python'
[0.224s] Level 1:colcon.colcon_core.package_identification:_identify(src) by extensions ['python_setup_py']
[0.224s] Level 1:colcon.colcon_core.package_identification:_identify(src) by extension 'python_setup_py'
[0.224s] Level 1:colcon.colcon_core.package_identification:_identify(src/example_topic_rclcpp) by extensions ['ignore', 'ignore_ament_install']
[0.224s] Level 1:colcon.colcon_core.package_identification:_identify(src/example_topic_rclcpp) by extension 'ignore'
[0.224s] Level 1:colcon.colcon_core.package_identification:_identify(src/example_topic_rclcpp) by extension 'ignore_ament_install'
[0.224s] Level 1:colcon.colcon_core.package_identification:_identify(src/example_topic_rclcpp) by extensions ['colcon_pkg']
[0.224s] Level 1:colcon.colcon_core.package_identification:_identify(src/example_topic_rclcpp) by extension 'colcon_pkg'
[0.224s] Level 1:colcon.colcon_core.package_identification:_identify(src/example_topic_rclcpp) by extensions ['colcon_meta']
[0.224s] Level 1:colcon.colcon_core.package_identification:_identify(src/example_topic_rclcpp) by extension 'colcon_meta'
[0.225s] Level 1:colcon.colcon_core.package_identification:_identify(src/example_topic_rclcpp) by extensions ['ros']
[0.225s] Level 1:colcon.colcon_core.package_identification:_identify(src/example_topic_rclcpp) by extension 'ros'
[0.226s] DEBUG:colcon.colcon_core.package_identification:Package 'src/example_topic_rclcpp' with type 'ros.ament_cmake' and name 'example_topic_rclcpp'
[0.226s] Level 1:colcon.colcon_core.package_discovery:discover_packages(recursive) using defaults
[0.226s] Level 1:colcon.colcon_core.package_discovery:discover_packages(ignore) discover
[0.226s] Level 1:colcon.colcon_core.package_discovery:discover_packages(ignore) using defaults
[0.226s] Level 1:colcon.colcon_core.package_discovery:discover_packages(path) discover
[0.226s] Level 1:colcon.colcon_core.package_discovery:discover_packages(path) using defaults
[0.240s] Level 1:colcon.colcon_core.package_discovery:discover_packages(prefix_path) check parameters
[0.240s] Level 1:colcon.colcon_core.package_discovery:discover_packages(prefix_path) discover
[0.241s] DEBUG:colcon.colcon_installed_package_information.package_discovery:Found 1 installed packages in /home/ymz/Codes/ros2_learning/chapt3/chapt3_ws/install
[0.242s] DEBUG:colcon.colcon_installed_package_information.package_discovery:Found 1 installed packages in /home/ymz/Codes/ros2_learning/chapt2/chapt2_ws/install
[0.242s] DEBUG:colcon.colcon_installed_package_information.package_discovery:Found 270 installed packages in /opt/ros/humble
[0.248s] Level 1:colcon.colcon_core.package_discovery:discover_packages(prefix_path) using defaults
[0.272s] Level 5:colcon.colcon_core.verb:set package 'example_topic_rclcpp' build argument 'cmake_args' from command line to 'None'
[0.272s] Level 5:colcon.colcon_core.verb:set package 'example_topic_rclcpp' build argument 'cmake_target' from command line to 'None'
[0.272s] Level 5:colcon.colcon_core.verb:set package 'example_topic_rclcpp' build argument 'cmake_target_skip_unavailable' from command line to 'False'
[0.272s] Level 5:colcon.colcon_core.verb:set package 'example_topic_rclcpp' build argument 'cmake_clean_cache' from command line to 'False'
[0.272s] Level 5:colcon.colcon_core.verb:set package 'example_topic_rclcpp' build argument 'cmake_clean_first' from command line to 'False'
[0.272s] Level 5:colcon.colcon_core.verb:set package 'example_topic_rclcpp' build argument 'cmake_force_configure' from command line to 'False'
[0.272s] Level 5:colcon.colcon_core.verb:set package 'example_topic_rclcpp' build argument 'ament_cmake_args' from command line to 'None'
[0.272s] Level 5:colcon.colcon_core.verb:set package 'example_topic_rclcpp' build argument 'catkin_cmake_args' from command line to 'None'
[0.272s] Level 5:colcon.colcon_core.verb:set package 'example_topic_rclcpp' build argument 'catkin_skip_building_tests' from command line to 'False'
[0.272s] DEBUG:colcon.colcon_core.verb:Building package 'example_topic_rclcpp' with the following arguments: {'ament_cmake_args': None, 'build_base': '/home/ymz/Codes/ros2_learning/chapt3/chapt3_ws/build/example_topic_rclcpp', 'catkin_cmake_args': None, 'catkin_skip_building_tests': False, 'cmake_args': None, 'cmake_clean_cache': False, 'cmake_clean_first': False, 'cmake_force_configure': False, 'cmake_target': None, 'cmake_target_skip_unavailable': False, 'install_base': '/home/ymz/Codes/ros2_learning/chapt3/chapt3_ws/install/example_topic_rclcpp', 'merge_install': False, 'path': '/home/ymz/Codes/ros2_learning/chapt3/chapt3_ws/src/example_topic_rclcpp', 'symlink_install': False, 'test_result_base': None}
[0.272s] INFO:colcon.colcon_core.executor:Executing jobs using 'parallel' executor
[0.273s] DEBUG:colcon.colcon_parallel_executor.executor.parallel:run_until_complete
[0.273s] INFO:colcon.colcon_ros.task.ament_cmake.build:Building ROS package in '/home/ymz/Codes/ros2_learning/chapt3/chapt3_ws/src/example_topic_rclcpp' with build type 'ament_cmake'
[0.274s] INFO:colcon.colcon_cmake.task.cmake.build:Building CMake package in '/home/ymz/Codes/ros2_learning/chapt3/chapt3_ws/src/example_topic_rclcpp'
[0.274s] INFO:colcon.colcon_core.plugin_system:Skipping extension 'colcon_core.shell.bat': Not used on non-Windows systems
[0.274s] INFO:colcon.colcon_core.shell:Skip shell extension 'powershell' for command environment: Not usable outside of PowerShell
[0.275s] DEBUG:colcon.colcon_core.shell:Skip shell extension 'dsv' for command environment
[0.280s] DEBUG:colcon.colcon_core.event_handler.log_command:Invoking command in '/home/ymz/Codes/ros2_learning/chapt3/chapt3_ws/build/example_topic_rclcpp': CMAKE_PREFIX_PATH=${CMAKE_PREFIX_PATH}:/opt/ros/humble /usr/bin/cmake --build /home/ymz/Codes/ros2_learning/chapt3/chapt3_ws/build/example_topic_rclcpp -- -j2 -l2
[0.611s] DEBUG:colcon.colcon_core.event_handler.log_command:Invoked command in '/home/ymz/Codes/ros2_learning/chapt3/chapt3_ws/build/example_topic_rclcpp' returned '2': CMAKE_PREFIX_PATH=${CMAKE_PREFIX_PATH}:/opt/ros/humble /usr/bin/cmake --build /home/ymz/Codes/ros2_learning/chapt3/chapt3_ws/build/example_topic_rclcpp -- -j2 -l2
[0.625s] Level 1:colcon.colcon_core.environment:create_environment_scripts_only(example_topic_rclcpp)
[0.626s] Level 1:colcon.colcon_core.environment:checking '/home/ymz/Codes/ros2_learning/chapt3/chapt3_ws/install/example_topic_rclcpp' for CMake module files
[0.626s] Level 1:colcon.colcon_core.environment:checking '/home/ymz/Codes/ros2_learning/chapt3/chapt3_ws/install/example_topic_rclcpp' for CMake config files
[0.627s] Level 1:colcon.colcon_core.shell:create_environment_hook('example_topic_rclcpp', 'cmake_prefix_path')
[0.627s] INFO:colcon.colcon_core.shell:Creating environment hook '/home/ymz/Codes/ros2_learning/chapt3/chapt3_ws/install/example_topic_rclcpp/share/example_topic_rclcpp/hook/cmake_prefix_path.ps1'
[0.627s] INFO:colcon.colcon_core.shell:Creating environment descriptor '/home/ymz/Codes/ros2_learning/chapt3/chapt3_ws/install/example_topic_rclcpp/share/example_topic_rclcpp/hook/cmake_prefix_path.dsv'
[0.627s] INFO:colcon.colcon_core.shell:Creating environment hook '/home/ymz/Codes/ros2_learning/chapt3/chapt3_ws/install/example_topic_rclcpp/share/example_topic_rclcpp/hook/cmake_prefix_path.sh'
[0.628s] Level 1:colcon.colcon_core.environment:checking '/home/ymz/Codes/ros2_learning/chapt3/chapt3_ws/install/example_topic_rclcpp/lib'
[0.628s] Level 1:colcon.colcon_core.environment:checking '/home/ymz/Codes/ros2_learning/chapt3/chapt3_ws/install/example_topic_rclcpp/bin'
[0.628s] Level 1:colcon.colcon_core.environment:checking '/home/ymz/Codes/ros2_learning/chapt3/chapt3_ws/install/example_topic_rclcpp/lib/pkgconfig/example_topic_rclcpp.pc'
[0.628s] Level 1:colcon.colcon_core.environment:checking '/home/ymz/Codes/ros2_learning/chapt3/chapt3_ws/install/example_topic_rclcpp/lib/python3.10/site-packages'
[0.628s] Level 1:colcon.colcon_core.environment:checking '/home/ymz/Codes/ros2_learning/chapt3/chapt3_ws/install/example_topic_rclcpp/bin'
[0.628s] INFO:colcon.colcon_core.shell:Creating package script '/home/ymz/Codes/ros2_learning/chapt3/chapt3_ws/install/example_topic_rclcpp/share/example_topic_rclcpp/package.ps1'
[0.629s] INFO:colcon.colcon_core.shell:Creating package descriptor '/home/ymz/Codes/ros2_learning/chapt3/chapt3_ws/install/example_topic_rclcpp/share/example_topic_rclcpp/package.dsv'
[0.629s] INFO:colcon.colcon_core.shell:Creating package script '/home/ymz/Codes/ros2_learning/chapt3/chapt3_ws/install/example_topic_rclcpp/share/example_topic_rclcpp/package.sh'
[0.629s] INFO:colcon.colcon_core.shell:Creating package script '/home/ymz/Codes/ros2_learning/chapt3/chapt3_ws/install/example_topic_rclcpp/share/example_topic_rclcpp/package.bash'
[0.630s] INFO:colcon.colcon_core.shell:Creating package script '/home/ymz/Codes/ros2_learning/chapt3/chapt3_ws/install/example_topic_rclcpp/share/example_topic_rclcpp/package.zsh'
[0.630s] Level 1:colcon.colcon_core.environment:create_file_with_runtime_dependencies(/home/ymz/Codes/ros2_learning/chapt3/chapt3_ws/install/example_topic_rclcpp/share/colcon-core/packages/example_topic_rclcpp)
[0.631s] DEBUG:colcon.colcon_parallel_executor.executor.parallel:closing loop
[0.631s] DEBUG:colcon.colcon_parallel_executor.executor.parallel:loop closed
[0.631s] DEBUG:colcon.colcon_parallel_executor.executor.parallel:run_until_complete finished with '2'
[0.631s] DEBUG:colcon.colcon_core.event_reactor:joining thread
[0.634s] INFO:colcon.colcon_core.plugin_system:Skipping extension 'colcon_notification.desktop_notification.terminal_notifier': Not used on non-Darwin systems
[0.634s] INFO:colcon.colcon_core.plugin_system:Skipping extension 'colcon_notification.desktop_notification.win32': Not used on non-Windows systems
[0.634s] INFO:colcon.colcon_notification.desktop_notification:Sending desktop notification using 'notify2'
[0.663s] DEBUG:colcon.colcon_core.event_reactor:joined thread
[0.664s] INFO:colcon.colcon_core.shell:Creating prefix script '/home/ymz/Codes/ros2_learning/chapt3/chapt3_ws/install/local_setup.ps1'
[0.664s] INFO:colcon.colcon_core.shell:Creating prefix util module '/home/ymz/Codes/ros2_learning/chapt3/chapt3_ws/install/_local_setup_util_ps1.py'
[0.665s] INFO:colcon.colcon_core.shell:Creating prefix chain script '/home/ymz/Codes/ros2_learning/chapt3/chapt3_ws/install/setup.ps1'
[0.666s] INFO:colcon.colcon_core.shell:Creating prefix script '/home/ymz/Codes/ros2_learning/chapt3/chapt3_ws/install/local_setup.sh'
[0.666s] INFO:colcon.colcon_core.shell:Creating prefix util module '/home/ymz/Codes/ros2_learning/chapt3/chapt3_ws/install/_local_setup_util_sh.py'
[0.666s] INFO:colcon.colcon_core.shell:Creating prefix chain script '/home/ymz/Codes/ros2_learning/chapt3/chapt3_ws/install/setup.sh'
[0.667s] INFO:colcon.colcon_core.shell:Creating prefix script '/home/ymz/Codes/ros2_learning/chapt3/chapt3_ws/install/local_setup.bash'
[0.667s] INFO:colcon.colcon_core.shell:Creating prefix chain script '/home/ymz/Codes/ros2_learning/chapt3/chapt3_ws/install/setup.bash'
[0.668s] INFO:colcon.colcon_core.shell:Creating prefix script '/home/ymz/Codes/ros2_learning/chapt3/chapt3_ws/install/local_setup.zsh'
[0.668s] INFO:colcon.colcon_core.shell:Creating prefix chain script '/home/ymz/Codes/ros2_learning/chapt3/chapt3_ws/install/setup.zsh'
