-- Found ament_cmake: 1.3.10 (/opt/ros/humble/share/ament_cmake/cmake)
-- Found rclcpp: 16.0.10 (/opt/ros/humble/share/rclcpp/cmake)
-- Found rosidl_generator_c: 3.1.5 (/opt/ros/humble/share/rosidl_generator_c/cmake)
-- Found rosidl_adapter: 3.1.5 (/opt/ros/humble/share/rosidl_adapter/cmake)
-- Found rosidl_generator_cpp: 3.1.5 (/opt/ros/humble/share/rosidl_generator_cpp/cmake)
-- Using all available rosidl_typesupport_c: rosidl_typesupport_fastrtps_c;rosidl_typesupport_introspection_c
-- Using all available rosidl_typesupport_cpp: rosidl_typesupport_fastrtps_cpp;rosidl_typesupport_introspection_cpp
-- Found rmw_implementation_cmake: 6.1.2 (/opt/ros/humble/share/rmw_implementation_cmake/cmake)
-- Found rmw_fastrtps_cpp: 6.2.7 (/opt/ros/humble/share/rmw_fastrtps_cpp/cmake)
-- Using RMW implementation 'rmw_fastrtps_cpp' as default
-- Found ament_lint_auto: 0.12.11 (/opt/ros/humble/share/ament_lint_auto/cmake)
-- Added test 'cppcheck' to perform static code analysis on C / C++ code
-- Configured cppcheck include dirs: 
-- Configured cppcheck exclude dirs and/or files: 
-- Added test 'lint_cmake' to check CMake code style
-- Added test 'uncrustify' to check C / C++ code style
-- Configured uncrustify additional arguments: 
-- Added test 'xmllint' to check XML markup files
-- Found example_interfaces: 0.9.3 (/opt/ros/humble/share/example_interfaces/cmake)
-- Configuring done
-- Generating done
-- Build files have been written to: /home/ymz/Codes/ros2_learning/chapt3/chapt3_ws/build/example_service_rclcpp
[35m[1mConsolidate compiler generated dependencies of target service_server_01[0m
[35m[1mConsolidate compiler generated dependencies of target service_client_01[0m
[ 25%] [32mBuilding CXX object CMakeFiles/service_client_01.dir/src/service_client_01.cpp.o[0m
[ 50%] [32mBuilding CXX object CMakeFiles/service_server_01.dir/src/service_server_01.cpp.o[0m
[01m[K/home/ymz/Codes/ros2_learning/chapt3/chapt3_ws/src/example_service_rclcpp/src/service_server_01.cpp:[m[K In constructor ‘[01m[KServiceServer01::ServiceServer01(std::string)[m[K’:
[01m[K/home/ymz/Codes/ros2_learning/chapt3/chapt3_ws/src/example_service_rclcpp/src/service_server_01.cpp:10:24:[m[K [01;31m[Kerror: [m[K‘[01m[KServiceClient01[m[K’ has not been declared
   10 |             std::bind(&[01;31m[KServiceClient01[m[K::handle_add_two_ints, this, std::placeholders::_1, std::placeholders::_2)
      |                        [01;31m[K^~~~~~~~~~~~~~~[m[K
gmake[2]: *** [CMakeFiles/service_server_01.dir/build.make:76: CMakeFiles/service_server_01.dir/src/service_server_01.cpp.o] Error 1
gmake[1]: *** [CMakeFiles/Makefile2:165: CMakeFiles/service_server_01.dir/all] Error 2
gmake[1]: *** Waiting for unfinished jobs....
[ 75%] [32m[1mLinking CXX executable service_client_01[0m
[ 75%] Built target service_client_01
gmake: *** [Makefile:146: all] Error 2
