[35m[1mConsolidate compiler generated dependencies of target node_03[0m
[ 50%] Built target node_01
[ 75%] [32mBuilding CXX object CMakeFiles/node_03.dir/src/node_03.cpp.o[0m
[100%] [32m[1mLinking CXX executable node_03[0m
[100%] Built target node_03
-- Install configuration: ""
-- Up-to-date: /home/ymz/Codes/ros2_learning/chapt2/chapt2_ws/install/example_cpp/share/ament_index/resource_index/package_run_dependencies/example_cpp
-- Installing: /home/ymz/Codes/ros2_learning/chapt2/chapt2_ws/install/example_cpp/share/ament_index/resource_index/parent_prefix_path/example_cpp
-- Up-to-date: /home/ymz/Codes/ros2_learning/chapt2/chapt2_ws/install/example_cpp/share/example_cpp/environment/ament_prefix_path.sh
-- Installing: /home/ymz/Codes/ros2_learning/chapt2/chapt2_ws/install/example_cpp/share/example_cpp/environment/ament_prefix_path.dsv
-- Up-to-date: /home/ymz/Codes/ros2_learning/chapt2/chapt2_ws/install/example_cpp/share/example_cpp/environment/path.sh
-- Installing: /home/ymz/Codes/ros2_learning/chapt2/chapt2_ws/install/example_cpp/share/example_cpp/environment/path.dsv
-- Up-to-date: /home/ymz/Codes/ros2_learning/chapt2/chapt2_ws/install/example_cpp/share/example_cpp/local_setup.bash
-- Up-to-date: /home/ymz/Codes/ros2_learning/chapt2/chapt2_ws/install/example_cpp/share/example_cpp/local_setup.sh
-- Up-to-date: /home/ymz/Codes/ros2_learning/chapt2/chapt2_ws/install/example_cpp/share/example_cpp/local_setup.zsh
-- Installing: /home/ymz/Codes/ros2_learning/chapt2/chapt2_ws/install/example_cpp/share/example_cpp/local_setup.dsv
-- Installing: /home/ymz/Codes/ros2_learning/chapt2/chapt2_ws/install/example_cpp/share/example_cpp/package.dsv
-- Up-to-date: /home/ymz/Codes/ros2_learning/chapt2/chapt2_ws/install/example_cpp/share/ament_index/resource_index/packages/example_cpp
-- Up-to-date: /home/ymz/Codes/ros2_learning/chapt2/chapt2_ws/install/example_cpp/share/example_cpp/cmake/example_cppConfig.cmake
-- Up-to-date: /home/ymz/Codes/ros2_learning/chapt2/chapt2_ws/install/example_cpp/share/example_cpp/cmake/example_cppConfig-version.cmake
-- Up-to-date: /home/ymz/Codes/ros2_learning/chapt2/chapt2_ws/install/example_cpp/share/example_cpp/package.xml
-- Up-to-date: /home/ymz/Codes/ros2_learning/chapt2/chapt2_ws/install/example_cpp/lib/example_cpp/node_01
-- Installing: /home/ymz/Codes/ros2_learning/chapt2/chapt2_ws/install/example_cpp/lib/example_cpp/node_03
-- Set runtime path of "/home/ymz/Codes/ros2_learning/chapt2/chapt2_ws/install/example_cpp/lib/example_cpp/node_03" to ""
