[0.008s] Invoking command in '/home/ymz/Codes/ros2_learning/chapt2/chapt2_ws/build/example_cpp': CMAKE_PREFIX_PATH=${CMAKE_PREFIX_PATH}:/opt/ros/humble /usr/bin/cmake --build /home/ymz/Codes/ros2_learning/chapt2/chapt2_ws/build/example_cpp -- -j2 -l2
[0.052s] [35m[1mConsolidate compiler generated dependencies of target node_03[0m
[0.070s] [ 50%] Built target node_01
[0.070s] [ 75%] [32mBuilding CXX object CMakeFiles/node_03.dir/src/node_03.cpp.o[0m
[1.788s] [100%] [32m[1mLinking CXX executable node_03[0m
[1.846s] [100%] Built target node_03
[1.855s] Invoked command in '/home/ymz/Codes/ros2_learning/chapt2/chapt2_ws/build/example_cpp' returned '0': CMAKE_PREFIX_PATH=${CMAKE_PREFIX_PATH}:/opt/ros/humble /usr/bin/cmake --build /home/ymz/Codes/ros2_learning/chapt2/chapt2_ws/build/example_cpp -- -j2 -l2
[1.873s] Invoking command in '/home/ymz/Codes/ros2_learning/chapt2/chapt2_ws/build/example_cpp': CMAKE_PREFIX_PATH=${CMAKE_PREFIX_PATH}:/opt/ros/humble /usr/bin/cmake --install /home/ymz/Codes/ros2_learning/chapt2/chapt2_ws/build/example_cpp
[1.876s] -- Install configuration: ""
[1.877s] -- Up-to-date: /home/ymz/Codes/ros2_learning/chapt2/chapt2_ws/install/example_cpp/share/ament_index/resource_index/package_run_dependencies/example_cpp
[1.877s] -- Installing: /home/ymz/Codes/ros2_learning/chapt2/chapt2_ws/install/example_cpp/share/ament_index/resource_index/parent_prefix_path/example_cpp
[1.877s] -- Up-to-date: /home/ymz/Codes/ros2_learning/chapt2/chapt2_ws/install/example_cpp/share/example_cpp/environment/ament_prefix_path.sh
[1.877s] -- Installing: /home/ymz/Codes/ros2_learning/chapt2/chapt2_ws/install/example_cpp/share/example_cpp/environment/ament_prefix_path.dsv
[1.878s] -- Up-to-date: /home/ymz/Codes/ros2_learning/chapt2/chapt2_ws/install/example_cpp/share/example_cpp/environment/path.sh
[1.878s] -- Installing: /home/ymz/Codes/ros2_learning/chapt2/chapt2_ws/install/example_cpp/share/example_cpp/environment/path.dsv
[1.878s] -- Up-to-date: /home/ymz/Codes/ros2_learning/chapt2/chapt2_ws/install/example_cpp/share/example_cpp/local_setup.bash
[1.878s] -- Up-to-date: /home/ymz/Codes/ros2_learning/chapt2/chapt2_ws/install/example_cpp/share/example_cpp/local_setup.sh
[1.878s] -- Up-to-date: /home/ymz/Codes/ros2_learning/chapt2/chapt2_ws/install/example_cpp/share/example_cpp/local_setup.zsh
[1.878s] -- Installing: /home/ymz/Codes/ros2_learning/chapt2/chapt2_ws/install/example_cpp/share/example_cpp/local_setup.dsv
[1.878s] -- Installing: /home/ymz/Codes/ros2_learning/chapt2/chapt2_ws/install/example_cpp/share/example_cpp/package.dsv
[1.878s] -- Up-to-date: /home/ymz/Codes/ros2_learning/chapt2/chapt2_ws/install/example_cpp/share/ament_index/resource_index/packages/example_cpp
[1.878s] -- Up-to-date: /home/ymz/Codes/ros2_learning/chapt2/chapt2_ws/install/example_cpp/share/example_cpp/cmake/example_cppConfig.cmake
[1.878s] -- Up-to-date: /home/ymz/Codes/ros2_learning/chapt2/chapt2_ws/install/example_cpp/share/example_cpp/cmake/example_cppConfig-version.cmake
[1.878s] -- Up-to-date: /home/ymz/Codes/ros2_learning/chapt2/chapt2_ws/install/example_cpp/share/example_cpp/package.xml
[1.880s] -- Up-to-date: /home/ymz/Codes/ros2_learning/chapt2/chapt2_ws/install/example_cpp/lib/example_cpp/node_01
[1.880s] -- Installing: /home/ymz/Codes/ros2_learning/chapt2/chapt2_ws/install/example_cpp/lib/example_cpp/node_03
[1.880s] -- Set runtime path of "/home/ymz/Codes/ros2_learning/chapt2/chapt2_ws/install/example_cpp/lib/example_cpp/node_03" to ""
[1.881s] Invoked command in '/home/ymz/Codes/ros2_learning/chapt2/chapt2_ws/build/example_cpp' returned '0': CMAKE_PREFIX_PATH=${CMAKE_PREFIX_PATH}:/opt/ros/humble /usr/bin/cmake --install /home/ymz/Codes/ros2_learning/chapt2/chapt2_ws/build/example_cpp
