[0.118s] DEBUG:colcon:Command line arguments: ['/usr/bin/colcon', 'build', '--packages-select', 'example_topic_rclcpp']
[0.118s] DEBUG:colcon:Parsed command line arguments: Namespace(log_base=None, log_level=None, verb_name='build', build_base='build', install_base='install', merge_install=False, symlink_install=False, test_result_base=None, continue_on_error=False, executor='parallel', parallel_workers=4, event_handlers=None, ignore_user_meta=False, metas=['./colcon.meta'], base_paths=['.'], packages_ignore=None, packages_ignore_regex=None, paths=None, packages_up_to=None, packages_up_to_regex=None, packages_above=None, packages_above_and_dependencies=None, packages_above_depth=None, packages_select_by_dep=None, packages_skip_by_dep=None, packages_skip_up_to=None, packages_select_build_failed=False, packages_skip_build_finished=False, packages_select_test_failures=False, packages_skip_test_passed=False, packages_select=['example_topic_rclcpp'], packages_skip=None, packages_select_regex=None, packages_skip_regex=None, packages_start=None, packages_end=None, allow_overriding=[], cmake_args=None, cmake_target=None, cmake_target_skip_unavailable=False, cmake_clean_cache=False, cmake_clean_first=False, cmake_force_configure=False, ament_cmake_args=None, catkin_cmake_args=None, catkin_skip_building_tests=False, verb_parser=<colcon_defaults.argument_parser.defaults.DefaultArgumentsDecorator object at 0x754dd1c07d90>, verb_extension=<colcon_core.verb.build.BuildVerb object at 0x754dd1dad690>, main=<bound method BuildVerb.main of <colcon_core.verb.build.BuildVerb object at 0x754dd1dad690>>)
[0.474s] Level 1:colcon.colcon_core.package_discovery:discover_packages(colcon_meta) check parameters
[0.474s] Level 1:colcon.colcon_core.package_discovery:discover_packages(recursive) check parameters
[0.474s] Level 1:colcon.colcon_core.package_discovery:discover_packages(ignore) check parameters
[0.474s] Level 1:colcon.colcon_core.package_discovery:discover_packages(path) check parameters
[0.474s] Level 1:colcon.colcon_core.package_discovery:discover_packages(colcon_meta) discover
[0.474s] Level 1:colcon.colcon_core.package_discovery:discover_packages(recursive) discover
[0.474s] INFO:colcon.colcon_core.package_discovery:Crawling recursively for packages in '/home/ymz/Codes/ros2_learning/chapt3/chapt3_ws'
[0.474s] Level 1:colcon.colcon_core.package_identification:_identify(.) by extensions ['ignore', 'ignore_ament_install']
[0.475s] Level 1:colcon.colcon_core.package_identification:_identify(.) by extension 'ignore'
[0.475s] Level 1:colcon.colcon_core.package_identification:_identify(.) by extension 'ignore_ament_install'
[0.475s] Level 1:colcon.colcon_core.package_identification:_identify(.) by extensions ['colcon_pkg']
[0.475s] Level 1:colcon.colcon_core.package_identification:_identify(.) by extension 'colcon_pkg'
[0.475s] Level 1:colcon.colcon_core.package_identification:_identify(.) by extensions ['colcon_meta']
[0.475s] Level 1:colcon.colcon_core.package_identification:_identify(.) by extension 'colcon_meta'
[0.475s] Level 1:colcon.colcon_core.package_identification:_identify(.) by extensions ['ros']
[0.475s] Level 1:colcon.colcon_core.package_identification:_identify(.) by extension 'ros'
[0.494s] Level 1:colcon.colcon_core.package_identification:_identify(.) by extensions ['cmake', 'python']
[0.494s] Level 1:colcon.colcon_core.package_identification:_identify(.) by extension 'cmake'
[0.494s] Level 1:colcon.colcon_core.package_identification:_identify(.) by extension 'python'
[0.494s] Level 1:colcon.colcon_core.package_identification:_identify(.) by extensions ['python_setup_py']
[0.494s] Level 1:colcon.colcon_core.package_identification:_identify(.) by extension 'python_setup_py'
[0.494s] Level 1:colcon.colcon_core.package_identification:_identify(build) by extensions ['ignore', 'ignore_ament_install']
[0.495s] Level 1:colcon.colcon_core.package_identification:_identify(build) by extension 'ignore'
[0.495s] Level 1:colcon.colcon_core.package_identification:_identify(build) ignored
[0.495s] Level 1:colcon.colcon_core.package_identification:_identify(install) by extensions ['ignore', 'ignore_ament_install']
[0.495s] Level 1:colcon.colcon_core.package_identification:_identify(install) by extension 'ignore'
[0.495s] Level 1:colcon.colcon_core.package_identification:_identify(install) ignored
[0.495s] Level 1:colcon.colcon_core.package_identification:_identify(log) by extensions ['ignore', 'ignore_ament_install']
[0.495s] Level 1:colcon.colcon_core.package_identification:_identify(log) by extension 'ignore'
[0.495s] Level 1:colcon.colcon_core.package_identification:_identify(log) ignored
[0.495s] Level 1:colcon.colcon_core.package_identification:_identify(src) by extensions ['ignore', 'ignore_ament_install']
[0.495s] Level 1:colcon.colcon_core.package_identification:_identify(src) by extension 'ignore'
[0.495s] Level 1:colcon.colcon_core.package_identification:_identify(src) by extension 'ignore_ament_install'
[0.496s] Level 1:colcon.colcon_core.package_identification:_identify(src) by extensions ['colcon_pkg']
[0.496s] Level 1:colcon.colcon_core.package_identification:_identify(src) by extension 'colcon_pkg'
[0.496s] Level 1:colcon.colcon_core.package_identification:_identify(src) by extensions ['colcon_meta']
[0.496s] Level 1:colcon.colcon_core.package_identification:_identify(src) by extension 'colcon_meta'
[0.496s] Level 1:colcon.colcon_core.package_identification:_identify(src) by extensions ['ros']
[0.496s] Level 1:colcon.colcon_core.package_identification:_identify(src) by extension 'ros'
[0.496s] Level 1:colcon.colcon_core.package_identification:_identify(src) by extensions ['cmake', 'python']
[0.496s] Level 1:colcon.colcon_core.package_identification:_identify(src) by extension 'cmake'
[0.496s] Level 1:colcon.colcon_core.package_identification:_identify(src) by extension 'python'
[0.496s] Level 1:colcon.colcon_core.package_identification:_identify(src) by extensions ['python_setup_py']
[0.496s] Level 1:colcon.colcon_core.package_identification:_identify(src) by extension 'python_setup_py'
[0.496s] Level 1:colcon.colcon_core.package_identification:_identify(src/example_topic_rclcpp) by extensions ['ignore', 'ignore_ament_install']
[0.496s] Level 1:colcon.colcon_core.package_identification:_identify(src/example_topic_rclcpp) by extension 'ignore'
[0.496s] Level 1:colcon.colcon_core.package_identification:_identify(src/example_topic_rclcpp) by extension 'ignore_ament_install'
[0.496s] Level 1:colcon.colcon_core.package_identification:_identify(src/example_topic_rclcpp) by extensions ['colcon_pkg']
[0.496s] Level 1:colcon.colcon_core.package_identification:_identify(src/example_topic_rclcpp) by extension 'colcon_pkg'
[0.496s] Level 1:colcon.colcon_core.package_identification:_identify(src/example_topic_rclcpp) by extensions ['colcon_meta']
[0.496s] Level 1:colcon.colcon_core.package_identification:_identify(src/example_topic_rclcpp) by extension 'colcon_meta'
[0.497s] Level 1:colcon.colcon_core.package_identification:_identify(src/example_topic_rclcpp) by extensions ['ros']
[0.497s] Level 1:colcon.colcon_core.package_identification:_identify(src/example_topic_rclcpp) by extension 'ros'
[0.501s] DEBUG:colcon.colcon_core.package_identification:Package 'src/example_topic_rclcpp' with type 'ros.ament_cmake' and name 'example_topic_rclcpp'
[0.501s] Level 1:colcon.colcon_core.package_discovery:discover_packages(recursive) using defaults
[0.501s] Level 1:colcon.colcon_core.package_discovery:discover_packages(ignore) discover
[0.501s] Level 1:colcon.colcon_core.package_discovery:discover_packages(ignore) using defaults
[0.501s] Level 1:colcon.colcon_core.package_discovery:discover_packages(path) discover
[0.501s] Level 1:colcon.colcon_core.package_discovery:discover_packages(path) using defaults
[0.538s] Level 1:colcon.colcon_core.package_discovery:discover_packages(prefix_path) check parameters
[0.538s] Level 1:colcon.colcon_core.package_discovery:discover_packages(prefix_path) discover
[0.550s] DEBUG:colcon.colcon_installed_package_information.package_discovery:Found 270 installed packages in /opt/ros/humble
[0.552s] Level 1:colcon.colcon_core.package_discovery:discover_packages(prefix_path) using defaults
[0.676s] Level 5:colcon.colcon_core.verb:set package 'example_topic_rclcpp' build argument 'cmake_args' from command line to 'None'
[0.676s] Level 5:colcon.colcon_core.verb:set package 'example_topic_rclcpp' build argument 'cmake_target' from command line to 'None'
[0.676s] Level 5:colcon.colcon_core.verb:set package 'example_topic_rclcpp' build argument 'cmake_target_skip_unavailable' from command line to 'False'
[0.676s] Level 5:colcon.colcon_core.verb:set package 'example_topic_rclcpp' build argument 'cmake_clean_cache' from command line to 'False'
[0.676s] Level 5:colcon.colcon_core.verb:set package 'example_topic_rclcpp' build argument 'cmake_clean_first' from command line to 'False'
[0.676s] Level 5:colcon.colcon_core.verb:set package 'example_topic_rclcpp' build argument 'cmake_force_configure' from command line to 'False'
[0.676s] Level 5:colcon.colcon_core.verb:set package 'example_topic_rclcpp' build argument 'ament_cmake_args' from command line to 'None'
[0.676s] Level 5:colcon.colcon_core.verb:set package 'example_topic_rclcpp' build argument 'catkin_cmake_args' from command line to 'None'
[0.676s] Level 5:colcon.colcon_core.verb:set package 'example_topic_rclcpp' build argument 'catkin_skip_building_tests' from command line to 'False'
[0.676s] DEBUG:colcon.colcon_core.verb:Building package 'example_topic_rclcpp' with the following arguments: {'ament_cmake_args': None, 'build_base': '/home/ymz/Codes/ros2_learning/chapt3/chapt3_ws/build/example_topic_rclcpp', 'catkin_cmake_args': None, 'catkin_skip_building_tests': False, 'cmake_args': None, 'cmake_clean_cache': False, 'cmake_clean_first': False, 'cmake_force_configure': False, 'cmake_target': None, 'cmake_target_skip_unavailable': False, 'install_base': '/home/ymz/Codes/ros2_learning/chapt3/chapt3_ws/install/example_topic_rclcpp', 'merge_install': False, 'path': '/home/ymz/Codes/ros2_learning/chapt3/chapt3_ws/src/example_topic_rclcpp', 'symlink_install': False, 'test_result_base': None}
[0.677s] INFO:colcon.colcon_core.executor:Executing jobs using 'parallel' executor
[0.678s] DEBUG:colcon.colcon_parallel_executor.executor.parallel:run_until_complete
[0.678s] INFO:colcon.colcon_ros.task.ament_cmake.build:Building ROS package in '/home/ymz/Codes/ros2_learning/chapt3/chapt3_ws/src/example_topic_rclcpp' with build type 'ament_cmake'
[0.678s] INFO:colcon.colcon_cmake.task.cmake.build:Building CMake package in '/home/ymz/Codes/ros2_learning/chapt3/chapt3_ws/src/example_topic_rclcpp'
[0.689s] INFO:colcon.colcon_core.plugin_system:Skipping extension 'colcon_core.shell.bat': Not used on non-Windows systems
[0.689s] INFO:colcon.colcon_core.shell:Skip shell extension 'powershell' for command environment: Not usable outside of PowerShell
[0.689s] DEBUG:colcon.colcon_core.shell:Skip shell extension 'dsv' for command environment
[0.703s] DEBUG:colcon.colcon_core.event_handler.log_command:Invoking command in '/home/ymz/Codes/ros2_learning/chapt3/chapt3_ws/build/example_topic_rclcpp': CMAKE_PREFIX_PATH=/opt/ros/humble /usr/bin/cmake /home/ymz/Codes/ros2_learning/chapt3/chapt3_ws/src/example_topic_rclcpp -DCMAKE_INSTALL_PREFIX=/home/ymz/Codes/ros2_learning/chapt3/chapt3_ws/install/example_topic_rclcpp
[2.998s] DEBUG:colcon.colcon_core.event_handler.log_command:Invoked command in '/home/ymz/Codes/ros2_learning/chapt3/chapt3_ws/build/example_topic_rclcpp' returned '0': CMAKE_PREFIX_PATH=/opt/ros/humble /usr/bin/cmake /home/ymz/Codes/ros2_learning/chapt3/chapt3_ws/src/example_topic_rclcpp -DCMAKE_INSTALL_PREFIX=/home/ymz/Codes/ros2_learning/chapt3/chapt3_ws/install/example_topic_rclcpp
[3.002s] DEBUG:colcon.colcon_core.event_handler.log_command:Invoking command in '/home/ymz/Codes/ros2_learning/chapt3/chapt3_ws/build/example_topic_rclcpp': CMAKE_PREFIX_PATH=/opt/ros/humble /usr/bin/cmake --build /home/ymz/Codes/ros2_learning/chapt3/chapt3_ws/build/example_topic_rclcpp -- -j4 -l4
[11.989s] DEBUG:colcon.colcon_core.event_handler.log_command:Invoked command in '/home/ymz/Codes/ros2_learning/chapt3/chapt3_ws/build/example_topic_rclcpp' returned '0': CMAKE_PREFIX_PATH=/opt/ros/humble /usr/bin/cmake --build /home/ymz/Codes/ros2_learning/chapt3/chapt3_ws/build/example_topic_rclcpp -- -j4 -l4
[12.087s] DEBUG:colcon.colcon_core.event_handler.log_command:Invoking command in '/home/ymz/Codes/ros2_learning/chapt3/chapt3_ws/build/example_topic_rclcpp': CMAKE_PREFIX_PATH=/opt/ros/humble /usr/bin/cmake --install /home/ymz/Codes/ros2_learning/chapt3/chapt3_ws/build/example_topic_rclcpp
[12.130s] Level 1:colcon.colcon_core.environment:create_environment_scripts_only(example_topic_rclcpp)
[12.131s] DEBUG:colcon.colcon_core.event_handler.log_command:Invoked command in '/home/ymz/Codes/ros2_learning/chapt3/chapt3_ws/build/example_topic_rclcpp' returned '0': CMAKE_PREFIX_PATH=/opt/ros/humble /usr/bin/cmake --install /home/ymz/Codes/ros2_learning/chapt3/chapt3_ws/build/example_topic_rclcpp
[12.143s] Level 1:colcon.colcon_core.environment:checking '/home/ymz/Codes/ros2_learning/chapt3/chapt3_ws/install/example_topic_rclcpp' for CMake module files
[12.144s] Level 1:colcon.colcon_core.environment:checking '/home/ymz/Codes/ros2_learning/chapt3/chapt3_ws/install/example_topic_rclcpp' for CMake config files
[12.144s] Level 1:colcon.colcon_core.shell:create_environment_hook('example_topic_rclcpp', 'cmake_prefix_path')
[12.144s] INFO:colcon.colcon_core.shell:Creating environment hook '/home/ymz/Codes/ros2_learning/chapt3/chapt3_ws/install/example_topic_rclcpp/share/example_topic_rclcpp/hook/cmake_prefix_path.ps1'
[12.146s] INFO:colcon.colcon_core.shell:Creating environment descriptor '/home/ymz/Codes/ros2_learning/chapt3/chapt3_ws/install/example_topic_rclcpp/share/example_topic_rclcpp/hook/cmake_prefix_path.dsv'
[12.147s] INFO:colcon.colcon_core.shell:Creating environment hook '/home/ymz/Codes/ros2_learning/chapt3/chapt3_ws/install/example_topic_rclcpp/share/example_topic_rclcpp/hook/cmake_prefix_path.sh'
[12.148s] Level 1:colcon.colcon_core.environment:checking '/home/ymz/Codes/ros2_learning/chapt3/chapt3_ws/install/example_topic_rclcpp/lib'
[12.149s] Level 1:colcon.colcon_core.environment:checking '/home/ymz/Codes/ros2_learning/chapt3/chapt3_ws/install/example_topic_rclcpp/bin'
[12.149s] Level 1:colcon.colcon_core.environment:checking '/home/ymz/Codes/ros2_learning/chapt3/chapt3_ws/install/example_topic_rclcpp/lib/pkgconfig/example_topic_rclcpp.pc'
[12.149s] Level 1:colcon.colcon_core.environment:checking '/home/ymz/Codes/ros2_learning/chapt3/chapt3_ws/install/example_topic_rclcpp/lib/python3.10/site-packages'
[12.149s] Level 1:colcon.colcon_core.environment:checking '/home/ymz/Codes/ros2_learning/chapt3/chapt3_ws/install/example_topic_rclcpp/bin'
[12.149s] INFO:colcon.colcon_core.shell:Creating package script '/home/ymz/Codes/ros2_learning/chapt3/chapt3_ws/install/example_topic_rclcpp/share/example_topic_rclcpp/package.ps1'
[12.150s] INFO:colcon.colcon_core.shell:Creating package descriptor '/home/ymz/Codes/ros2_learning/chapt3/chapt3_ws/install/example_topic_rclcpp/share/example_topic_rclcpp/package.dsv'
[12.152s] INFO:colcon.colcon_core.shell:Creating package script '/home/ymz/Codes/ros2_learning/chapt3/chapt3_ws/install/example_topic_rclcpp/share/example_topic_rclcpp/package.sh'
[12.153s] INFO:colcon.colcon_core.shell:Creating package script '/home/ymz/Codes/ros2_learning/chapt3/chapt3_ws/install/example_topic_rclcpp/share/example_topic_rclcpp/package.bash'
[12.154s] INFO:colcon.colcon_core.shell:Creating package script '/home/ymz/Codes/ros2_learning/chapt3/chapt3_ws/install/example_topic_rclcpp/share/example_topic_rclcpp/package.zsh'
[12.155s] Level 1:colcon.colcon_core.environment:create_file_with_runtime_dependencies(/home/ymz/Codes/ros2_learning/chapt3/chapt3_ws/install/example_topic_rclcpp/share/colcon-core/packages/example_topic_rclcpp)
[12.235s] Level 1:colcon.colcon_core.environment:create_environment_scripts_only(example_topic_rclcpp)
[12.235s] Level 1:colcon.colcon_core.environment:checking '/home/ymz/Codes/ros2_learning/chapt3/chapt3_ws/install/example_topic_rclcpp' for CMake module files
[12.236s] Level 1:colcon.colcon_core.environment:checking '/home/ymz/Codes/ros2_learning/chapt3/chapt3_ws/install/example_topic_rclcpp' for CMake config files
[12.236s] Level 1:colcon.colcon_core.shell:create_environment_hook('example_topic_rclcpp', 'cmake_prefix_path')
[12.236s] INFO:colcon.colcon_core.shell:Creating environment hook '/home/ymz/Codes/ros2_learning/chapt3/chapt3_ws/install/example_topic_rclcpp/share/example_topic_rclcpp/hook/cmake_prefix_path.ps1'
[12.237s] INFO:colcon.colcon_core.shell:Creating environment descriptor '/home/ymz/Codes/ros2_learning/chapt3/chapt3_ws/install/example_topic_rclcpp/share/example_topic_rclcpp/hook/cmake_prefix_path.dsv'
[12.238s] INFO:colcon.colcon_core.shell:Creating environment hook '/home/ymz/Codes/ros2_learning/chapt3/chapt3_ws/install/example_topic_rclcpp/share/example_topic_rclcpp/hook/cmake_prefix_path.sh'
[12.239s] Level 1:colcon.colcon_core.environment:checking '/home/ymz/Codes/ros2_learning/chapt3/chapt3_ws/install/example_topic_rclcpp/lib'
[12.239s] Level 1:colcon.colcon_core.environment:checking '/home/ymz/Codes/ros2_learning/chapt3/chapt3_ws/install/example_topic_rclcpp/bin'
[12.239s] Level 1:colcon.colcon_core.environment:checking '/home/ymz/Codes/ros2_learning/chapt3/chapt3_ws/install/example_topic_rclcpp/lib/pkgconfig/example_topic_rclcpp.pc'
[12.239s] Level 1:colcon.colcon_core.environment:checking '/home/ymz/Codes/ros2_learning/chapt3/chapt3_ws/install/example_topic_rclcpp/lib/python3.10/site-packages'
[12.239s] Level 1:colcon.colcon_core.environment:checking '/home/ymz/Codes/ros2_learning/chapt3/chapt3_ws/install/example_topic_rclcpp/bin'
[12.240s] INFO:colcon.colcon_core.shell:Creating package script '/home/ymz/Codes/ros2_learning/chapt3/chapt3_ws/install/example_topic_rclcpp/share/example_topic_rclcpp/package.ps1'
[12.240s] INFO:colcon.colcon_core.shell:Creating package descriptor '/home/ymz/Codes/ros2_learning/chapt3/chapt3_ws/install/example_topic_rclcpp/share/example_topic_rclcpp/package.dsv'
[12.241s] INFO:colcon.colcon_core.shell:Creating package script '/home/ymz/Codes/ros2_learning/chapt3/chapt3_ws/install/example_topic_rclcpp/share/example_topic_rclcpp/package.sh'
[12.241s] INFO:colcon.colcon_core.shell:Creating package script '/home/ymz/Codes/ros2_learning/chapt3/chapt3_ws/install/example_topic_rclcpp/share/example_topic_rclcpp/package.bash'
[12.242s] INFO:colcon.colcon_core.shell:Creating package script '/home/ymz/Codes/ros2_learning/chapt3/chapt3_ws/install/example_topic_rclcpp/share/example_topic_rclcpp/package.zsh'
[12.242s] Level 1:colcon.colcon_core.environment:create_file_with_runtime_dependencies(/home/ymz/Codes/ros2_learning/chapt3/chapt3_ws/install/example_topic_rclcpp/share/colcon-core/packages/example_topic_rclcpp)
[12.243s] DEBUG:colcon.colcon_parallel_executor.executor.parallel:closing loop
[12.244s] DEBUG:colcon.colcon_parallel_executor.executor.parallel:loop closed
[12.244s] DEBUG:colcon.colcon_parallel_executor.executor.parallel:run_until_complete finished with '0'
[12.244s] DEBUG:colcon.colcon_core.event_reactor:joining thread
[12.262s] INFO:colcon.colcon_core.plugin_system:Skipping extension 'colcon_notification.desktop_notification.terminal_notifier': Not used on non-Darwin systems
[12.262s] INFO:colcon.colcon_core.plugin_system:Skipping extension 'colcon_notification.desktop_notification.win32': Not used on non-Windows systems
[12.262s] INFO:colcon.colcon_notification.desktop_notification:Sending desktop notification using 'notify2'
[12.486s] DEBUG:colcon.colcon_core.event_reactor:joined thread
[12.486s] INFO:colcon.colcon_core.shell:Creating prefix script '/home/ymz/Codes/ros2_learning/chapt3/chapt3_ws/install/local_setup.ps1'
[12.488s] INFO:colcon.colcon_core.shell:Creating prefix util module '/home/ymz/Codes/ros2_learning/chapt3/chapt3_ws/install/_local_setup_util_ps1.py'
[12.489s] INFO:colcon.colcon_core.shell:Creating prefix chain script '/home/ymz/Codes/ros2_learning/chapt3/chapt3_ws/install/setup.ps1'
[12.490s] INFO:colcon.colcon_core.shell:Creating prefix script '/home/ymz/Codes/ros2_learning/chapt3/chapt3_ws/install/local_setup.sh'
[12.492s] INFO:colcon.colcon_core.shell:Creating prefix util module '/home/ymz/Codes/ros2_learning/chapt3/chapt3_ws/install/_local_setup_util_sh.py'
[12.492s] INFO:colcon.colcon_core.shell:Creating prefix chain script '/home/ymz/Codes/ros2_learning/chapt3/chapt3_ws/install/setup.sh'
[12.494s] INFO:colcon.colcon_core.shell:Creating prefix script '/home/ymz/Codes/ros2_learning/chapt3/chapt3_ws/install/local_setup.bash'
[12.495s] INFO:colcon.colcon_core.shell:Creating prefix chain script '/home/ymz/Codes/ros2_learning/chapt3/chapt3_ws/install/setup.bash'
[12.496s] INFO:colcon.colcon_core.shell:Creating prefix script '/home/ymz/Codes/ros2_learning/chapt3/chapt3_ws/install/local_setup.zsh'
[12.498s] INFO:colcon.colcon_core.shell:Creating prefix chain script '/home/ymz/Codes/ros2_learning/chapt3/chapt3_ws/install/setup.zsh'
