[0.014s] Invoking command in '/home/ymz/Codes/ros2_learning/chapt3/chapt3_ws/build/example_service_rclcpp': CMAKE_PREFIX_PATH=${CMAKE_PREFIX_PATH}:/opt/ros/humble /usr/bin/cmake --build /home/ymz/Codes/ros2_learning/chapt3/chapt3_ws/build/example_service_rclcpp -- -j4 -l4
[0.109s] [35m[1mConsolidate compiler generated dependencies of target service_client_01[0m
[0.115s] [35m[1mConsolidate compiler generated dependencies of target service_server_01[0m
[0.162s] [ 25%] [32mBuilding CXX object CMakeFiles/service_client_01.dir/src/service_client_01.cpp.o[0m
[0.168s] [ 50%] [32mBuilding CXX object CMakeFiles/service_server_01.dir/src/service_server_01.cpp.o[0m
[2.871s] [01m[K/home/ymz/Codes/ros2_learning/chapt3/chapt3_ws/src/example_service_rclcpp/src/service_server_01.cpp:[m[K In constructor ‘[01m[KServiceServer01::ServiceServer01(std::string)[m[K’:
[2.871s] [01m[K/home/ymz/Codes/ros2_learning/chapt3/chapt3_ws/src/example_service_rclcpp/src/service_server_01.cpp:10:22:[m[K [01;31m[Kerror: [m[Kcannot convert ‘[01m[Kstd::_Bind_helper<false, void (ServiceServer01::*)(std::shared_ptr<example_interfaces::srv::AddTwoInts_Request_<std::allocator<void> > >, std::shared_ptr<example_interfaces::srv::AddTwoInts_Response_<std::allocator<void> > >), ServiceServer01*, const std::_Placeholder<1>&, const std::_Placeholder<2>&>::type[m[K’ to ‘[01m[Kconst rmw_qos_profile_t&[m[K’ {aka ‘[01m[Kconst rmw_qos_profile_s&[m[K’}
[2.872s]    10 |             [01;31m[Kstd::bind(&ServiceServer01::handle_add_two_ints, this, std::placeholders::_1, std::placeholders::_2)[m[K
[2.872s]       |             [01;31m[K~~~~~~~~~^~~~~~~~~~~~~~~~~~~~~~~~~~~~~~~~~~~~~~~~~~~~~~~~~~~~~~~~~~~~~~~~~~~~~~~~~~~~~~~~~~~~~~~~~~~[m[K
[2.872s]       |                      [01;31m[K|[m[K
[2.872s]       |                      [01;31m[Kstd::_Bind_helper<false, void (ServiceServer01::*)(std::shared_ptr<example_interfaces::srv::AddTwoInts_Request_<std::allocator<void> > >, std::shared_ptr<example_interfaces::srv::AddTwoInts_Response_<std::allocator<void> > >), ServiceServer01*, const std::_Placeholder<1>&, const std::_Placeholder<2>&>::type[m[K
[2.872s] In file included from [01m[K/opt/ros/humble/include/rclcpp/rclcpp/node.hpp:1321[m[K,
[2.872s]                  from [01m[K/opt/ros/humble/include/rclcpp/rclcpp/executors/single_threaded_executor.hpp:28[m[K,
[2.872s]                  from [01m[K/opt/ros/humble/include/rclcpp/rclcpp/executors.hpp:22[m[K,
[2.872s]                  from [01m[K/opt/ros/humble/include/rclcpp/rclcpp/rclcpp.hpp:155[m[K,
[2.872s]                  from [01m[K/home/ymz/Codes/ros2_learning/chapt3/chapt3_ws/src/example_service_rclcpp/src/service_server_01.cpp:1[m[K:
[2.872s] [01m[K/opt/ros/humble/include/rclcpp/rclcpp/node_impl.hpp:127:29:[m[K [01;36m[Knote: [m[K  initializing argument 2 of ‘[01m[Ktypename rclcpp::Client<ServiceT>::SharedPtr rclcpp::Node::create_client(const string&, const rmw_qos_profile_t&, rclcpp::CallbackGroup::SharedPtr) [with ServiceT = example_interfaces::srv::AddTwoInts; typename rclcpp::Client<ServiceT>::SharedPtr = std::shared_ptr<rclcpp::Client<example_interfaces::srv::AddTwoInts> >; std::string = std::__cxx11::basic_string<char>; rmw_qos_profile_t = rmw_qos_profile_s; rclcpp::CallbackGroup::SharedPtr = std::shared_ptr<rclcpp::CallbackGroup>][m[K’
[2.873s]   127 |   [01;36m[Kconst rmw_qos_profile_t & qos_profile[m[K,
[2.873s]       |   [01;36m[K~~~~~~~~~~~~~~~~~~~~~~~~~~^~~~~~~~~~~[m[K
[3.223s] [ 75%] [32m[1mLinking CXX executable service_client_01[0m
[3.228s] gmake[2]: *** [CMakeFiles/service_server_01.dir/build.make:76: CMakeFiles/service_server_01.dir/src/service_server_01.cpp.o] Error 1
[3.229s] gmake[1]: *** [CMakeFiles/Makefile2:165: CMakeFiles/service_server_01.dir/all] Error 2
[3.229s] gmake[1]: *** Waiting for unfinished jobs....
[3.424s] gmake: *** [Makefile:146: all] Error 2
[3.424s] [ 75%] Built target service_client_01
[3.426s] Invoked command in '/home/ymz/Codes/ros2_learning/chapt3/chapt3_ws/build/example_service_rclcpp' returned '2': CMAKE_PREFIX_PATH=${CMAKE_PREFIX_PATH}:/opt/ros/humble /usr/bin/cmake --build /home/ymz/Codes/ros2_learning/chapt3/chapt3_ws/build/example_service_rclcpp -- -j4 -l4
