[35m[1mConsolidate compiler generated dependencies of target topic_subscriber_01[0m
[35m[1mConsolidate compiler generated dependencies of target topic_publisher_01[0m
[ 25%] [32mBuilding CXX object CMakeFiles/topic_subscriber_01.dir/src/topic_subscriber_01.cpp.o[0m
[ 75%] Built target topic_publisher_01
[100%] [32m[1mLinking CXX executable topic_subscriber_01[0m
[100%] Built target topic_subscriber_01
-- Install configuration: ""
-- Up-to-date: /home/ymz/Codes/ros2_learning/chapt3/chapt3_ws/install/example_topic_rclcpp/share/ament_index/resource_index/package_run_dependencies/example_topic_rclcpp
-- Up-to-date: /home/ymz/Codes/ros2_learning/chapt3/chapt3_ws/install/example_topic_rclcpp/share/ament_index/resource_index/parent_prefix_path/example_topic_rclcpp
-- Up-to-date: /home/ymz/Codes/ros2_learning/chapt3/chapt3_ws/install/example_topic_rclcpp/share/example_topic_rclcpp/environment/ament_prefix_path.sh
-- Up-to-date: /home/ymz/Codes/ros2_learning/chapt3/chapt3_ws/install/example_topic_rclcpp/share/example_topic_rclcpp/environment/ament_prefix_path.dsv
-- Up-to-date: /home/ymz/Codes/ros2_learning/chapt3/chapt3_ws/install/example_topic_rclcpp/share/example_topic_rclcpp/environment/path.sh
-- Up-to-date: /home/ymz/Codes/ros2_learning/chapt3/chapt3_ws/install/example_topic_rclcpp/share/example_topic_rclcpp/environment/path.dsv
-- Up-to-date: /home/ymz/Codes/ros2_learning/chapt3/chapt3_ws/install/example_topic_rclcpp/share/example_topic_rclcpp/local_setup.bash
-- Up-to-date: /home/ymz/Codes/ros2_learning/chapt3/chapt3_ws/install/example_topic_rclcpp/share/example_topic_rclcpp/local_setup.sh
-- Up-to-date: /home/ymz/Codes/ros2_learning/chapt3/chapt3_ws/install/example_topic_rclcpp/share/example_topic_rclcpp/local_setup.zsh
-- Up-to-date: /home/ymz/Codes/ros2_learning/chapt3/chapt3_ws/install/example_topic_rclcpp/share/example_topic_rclcpp/local_setup.dsv
-- Installing: /home/ymz/Codes/ros2_learning/chapt3/chapt3_ws/install/example_topic_rclcpp/share/example_topic_rclcpp/package.dsv
-- Up-to-date: /home/ymz/Codes/ros2_learning/chapt3/chapt3_ws/install/example_topic_rclcpp/share/ament_index/resource_index/packages/example_topic_rclcpp
-- Up-to-date: /home/ymz/Codes/ros2_learning/chapt3/chapt3_ws/install/example_topic_rclcpp/share/example_topic_rclcpp/cmake/example_topic_rclcppConfig.cmake
-- Up-to-date: /home/ymz/Codes/ros2_learning/chapt3/chapt3_ws/install/example_topic_rclcpp/share/example_topic_rclcpp/cmake/example_topic_rclcppConfig-version.cmake
-- Up-to-date: /home/ymz/Codes/ros2_learning/chapt3/chapt3_ws/install/example_topic_rclcpp/share/example_topic_rclcpp/package.xml
-- Up-to-date: /home/ymz/Codes/ros2_learning/chapt3/chapt3_ws/install/example_topic_rclcpp/lib/example_topic_rclcpp/topic_publisher_01
-- Installing: /home/ymz/Codes/ros2_learning/chapt3/chapt3_ws/install/example_topic_rclcpp/lib/example_topic_rclcpp/topic_subscriber_01
-- Set runtime path of "/home/ymz/Codes/ros2_learning/chapt3/chapt3_ws/install/example_topic_rclcpp/lib/example_topic_rclcpp/topic_subscriber_01" to ""
