[0.019s] Invoking command in '/home/ymz/Codes/ros2_learning/chapt3/chapt3_ws/build/example_service_rclcpp': CMAKE_PREFIX_PATH=${CMAKE_PREFIX_PATH}:/opt/ros/humble /usr/bin/cmake /home/ymz/Codes/ros2_learning/chapt3/chapt3_ws/src/example_service_rclcpp -DCMAKE_INSTALL_PREFIX=/home/ymz/Codes/ros2_learning/chapt3/chapt3_ws/install/example_service_rclcpp
[0.164s] -- The C compiler identification is GNU 11.4.0
[0.285s] -- The CXX compiler identification is GNU 11.4.0
[0.299s] -- Detecting C compiler ABI info
[0.443s] -- Detecting C compiler ABI info - done
[0.448s] -- Check for working C compiler: /usr/bin/cc - skipped
[0.449s] -- Detecting C compile features
[0.450s] -- Detecting C compile features - done
[0.454s] -- Detecting CXX compiler ABI info
[0.610s] -- Detecting CXX compiler ABI info - done
[0.616s] -- Check for working CXX compiler: /usr/bin/c++ - skipped
[0.616s] -- Detecting CXX compile features
[0.616s] -- Detecting CXX compile features - done
[0.623s] -- Found ament_cmake: 1.3.10 (/opt/ros/humble/share/ament_cmake/cmake)
[0.822s] -- Found Python3: /usr/bin/python3 (found version "3.10.12") found components: Interpreter 
[0.975s] -- Found rclcpp: 16.0.10 (/opt/ros/humble/share/rclcpp/cmake)
[1.059s] -- Found rosidl_generator_c: 3.1.5 (/opt/ros/humble/share/rosidl_generator_c/cmake)
[1.070s] -- Found rosidl_adapter: 3.1.5 (/opt/ros/humble/share/rosidl_adapter/cmake)
[1.086s] -- Found rosidl_generator_cpp: 3.1.5 (/opt/ros/humble/share/rosidl_generator_cpp/cmake)
[1.109s] -- Using all available rosidl_typesupport_c: rosidl_typesupport_fastrtps_c;rosidl_typesupport_introspection_c
[1.138s] -- Using all available rosidl_typesupport_cpp: rosidl_typesupport_fastrtps_cpp;rosidl_typesupport_introspection_cpp
[1.223s] -- Found rmw_implementation_cmake: 6.1.2 (/opt/ros/humble/share/rmw_implementation_cmake/cmake)
[1.229s] -- Found rmw_fastrtps_cpp: 6.2.7 (/opt/ros/humble/share/rmw_fastrtps_cpp/cmake)
[1.381s] -- Found OpenSSL: /usr/lib/x86_64-linux-gnu/libcrypto.so (found version "3.0.2")  
[1.412s] -- Found FastRTPS: /opt/ros/humble/include  
[1.459s] -- Using RMW implementation 'rmw_fastrtps_cpp' as default
[1.476s] -- Looking for pthread.h
[1.617s] -- Looking for pthread.h - found
[1.619s] -- Performing Test CMAKE_HAVE_LIBC_PTHREAD
[1.755s] -- Performing Test CMAKE_HAVE_LIBC_PTHREAD - Success
[1.757s] -- Found Threads: TRUE  
[1.844s] -- Found ament_lint_auto: 0.12.11 (/opt/ros/humble/share/ament_lint_auto/cmake)
[1.970s] -- Added test 'cppcheck' to perform static code analysis on C / C++ code
[1.970s] -- Configured cppcheck include dirs: 
[1.970s] -- Configured cppcheck exclude dirs and/or files: 
[1.972s] -- Added test 'lint_cmake' to check CMake code style
[1.975s] -- Added test 'uncrustify' to check C / C++ code style
[1.975s] -- Configured uncrustify additional arguments: 
[1.976s] -- Added test 'xmllint' to check XML markup files
[1.980s] -- Configuring done
[2.002s] -- Generating done
[2.002s] -- Build files have been written to: /home/ymz/Codes/ros2_learning/chapt3/chapt3_ws/build/example_service_rclcpp
[2.016s] Invoked command in '/home/ymz/Codes/ros2_learning/chapt3/chapt3_ws/build/example_service_rclcpp' returned '0': CMAKE_PREFIX_PATH=${CMAKE_PREFIX_PATH}:/opt/ros/humble /usr/bin/cmake /home/ymz/Codes/ros2_learning/chapt3/chapt3_ws/src/example_service_rclcpp -DCMAKE_INSTALL_PREFIX=/home/ymz/Codes/ros2_learning/chapt3/chapt3_ws/install/example_service_rclcpp
[2.020s] Invoking command in '/home/ymz/Codes/ros2_learning/chapt3/chapt3_ws/build/example_service_rclcpp': CMAKE_PREFIX_PATH=${CMAKE_PREFIX_PATH}:/opt/ros/humble /usr/bin/cmake --build /home/ymz/Codes/ros2_learning/chapt3/chapt3_ws/build/example_service_rclcpp -- -j4 -l4
[2.130s] [ 50%] [32mBuilding CXX object CMakeFiles/service_server_01.dir/src/service_server_01.cpp.o[0m
[2.131s] [ 50%] [32mBuilding CXX object CMakeFiles/service_client_01.dir/src/service_client_01.cpp.o[0m
[5.174s] [01m[K/home/ymz/Codes/ros2_learning/chapt3/chapt3_ws/src/example_service_rclcpp/src/service_client_01.cpp:11:5:[m[K [01;35m[Kwarning: [m[Ksecond argument of ‘[01m[Kint main(int, char*)[m[K’ should be ‘[01m[Kchar **[m[K’ [[01;35m[K]8;;https://gcc.gnu.org/onlinedocs/gcc/Warning-Options.html#index-Wmain-Wmain]8;;[m[K]
[5.174s]    11 | int [01;35m[Kmain[m[K(int argc, char *argv){
[5.174s]       |     [01;35m[K^~~~[m[K
[5.174s] [01m[K/home/ymz/Codes/ros2_learning/chapt3/chapt3_ws/src/example_service_rclcpp/src/service_client_01.cpp:[m[K In function ‘[01m[Kint main(int, char*)[m[K’:
[5.174s] [01m[K/home/ymz/Codes/ros2_learning/chapt3/chapt3_ws/src/example_service_rclcpp/src/service_client_01.cpp:12:24:[m[K [01;31m[Kerror: [m[Kcannot convert ‘[01m[Kchar*[m[K’ to ‘[01m[Kconst char* const*[m[K’
[5.174s]    12 |     rclcpp::init(argc, [01;31m[Kargv[m[K);
[5.174s]       |                        [01;31m[K^~~~[m[K
[5.174s]       |                        [01;31m[K|[m[K
[5.175s]       |                        [01;31m[Kchar*[m[K
[5.175s] In file included from [01m[K/opt/ros/humble/include/rclcpp/rclcpp/logging.hpp:25[m[K,
[5.175s]                  from [01m[K/opt/ros/humble/include/rclcpp/rclcpp/client.hpp:40[m[K,
[5.175s]                  from [01m[K/opt/ros/humble/include/rclcpp/rclcpp/callback_group.hpp:24[m[K,
[5.175s]                  from [01m[K/opt/ros/humble/include/rclcpp/rclcpp/any_executable.hpp:20[m[K,
[5.175s]                  from [01m[K/opt/ros/humble/include/rclcpp/rclcpp/memory_strategy.hpp:25[m[K,
[5.175s]                  from [01m[K/opt/ros/humble/include/rclcpp/rclcpp/memory_strategies.hpp:18[m[K,
[5.175s]                  from [01m[K/opt/ros/humble/include/rclcpp/rclcpp/executor_options.hpp:20[m[K,
[5.176s]                  from [01m[K/opt/ros/humble/include/rclcpp/rclcpp/executor.hpp:37[m[K,
[5.176s]                  from [01m[K/opt/ros/humble/include/rclcpp/rclcpp/executors/multi_threaded_executor.hpp:25[m[K,
[5.176s]                  from [01m[K/opt/ros/humble/include/rclcpp/rclcpp/executors.hpp:21[m[K,
[5.176s]                  from [01m[K/opt/ros/humble/include/rclcpp/rclcpp/rclcpp.hpp:155[m[K,
[5.176s]                  from [01m[K/home/ymz/Codes/ros2_learning/chapt3/chapt3_ws/src/example_service_rclcpp/src/service_client_01.cpp:1[m[K:
[5.176s] [01m[K/opt/ros/humble/include/rclcpp/rclcpp/utilities.hpp:77:24:[m[K [01;36m[Knote: [m[K  initializing argument 2 of ‘[01m[Kvoid rclcpp::init(int, const char* const*, const rclcpp::InitOptions&, rclcpp::SignalHandlerOptions)[m[K’
[5.176s]    77 |   [01;36m[Kchar const * const * argv[m[K,
[5.176s]       |   [01;36m[K~~~~~~~~~~~~~~~~~~~~~^~~~[m[K
[5.179s] [01m[K/home/ymz/Codes/ros2_learning/chapt3/chapt3_ws/src/example_service_rclcpp/src/service_client_01.cpp:14:5:[m[K [01;35m[Kwarning: [m[Klabel ‘[01m[Krclcpp[m[K’ defined but not used [[01;35m[K]8;;https://gcc.gnu.org/onlinedocs/gcc/Warning-Options.html#index-Wunused-label-Wunused-label]8;;[m[K]
[5.179s]    14 |     [01;35m[Krclcpp[m[K:spin(node);
[5.179s]       |     [01;35m[K^~~~~~[m[K
[5.591s] gmake[2]: *** [CMakeFiles/service_client_01.dir/build.make:76: CMakeFiles/service_client_01.dir/src/service_client_01.cpp.o] Error 1
[5.592s] gmake[1]: *** [CMakeFiles/Makefile2:139: CMakeFiles/service_client_01.dir/all] Error 2
[5.592s] gmake[1]: *** Waiting for unfinished jobs....
[5.832s] [ 75%] [32m[1mLinking CXX executable service_server_01[0m
[6.105s] [ 75%] Built target service_server_01
[6.107s] gmake: *** [Makefile:146: all] Error 2
[6.110s] Invoked command in '/home/ymz/Codes/ros2_learning/chapt3/chapt3_ws/build/example_service_rclcpp' returned '2': CMAKE_PREFIX_PATH=${CMAKE_PREFIX_PATH}:/opt/ros/humble /usr/bin/cmake --build /home/ymz/Codes/ros2_learning/chapt3/chapt3_ws/build/example_service_rclcpp -- -j4 -l4
