[0.019s] Invoking command in '/home/ymz/Codes/ros2_learning/chapt2/chapt2_ws/build/example_cpp': CMAKE_PREFIX_PATH=${CMAKE_PREFIX_PATH}:/opt/ros/humble /usr/bin/cmake --build /home/ymz/Codes/ros2_learning/chapt2/chapt2_ws/build/example_cpp -- -j2 -l2
[0.052s] -- Found ament_cmake: 1.3.10 (/opt/ros/humble/share/ament_cmake/cmake)
[0.126s] -- Found rclcpp: 16.0.10 (/opt/ros/humble/share/rclcpp/cmake)
[0.146s] -- Found rosidl_generator_c: 3.1.5 (/opt/ros/humble/share/rosidl_generator_c/cmake)
[0.147s] -- Found rosidl_adapter: 3.1.5 (/opt/ros/humble/share/rosidl_adapter/cmake)
[0.150s] -- Found rosidl_generator_cpp: 3.1.5 (/opt/ros/humble/share/rosidl_generator_cpp/cmake)
[0.155s] -- Using all available rosidl_typesupport_c: rosidl_typesupport_fastrtps_c;rosidl_typesupport_introspection_c
[0.161s] -- Using all available rosidl_typesupport_cpp: rosidl_typesupport_fastrtps_cpp;rosidl_typesupport_introspection_cpp
[0.177s] -- Found rmw_implementation_cmake: 6.1.2 (/opt/ros/humble/share/rmw_implementation_cmake/cmake)
[0.178s] -- Found rmw_fastrtps_cpp: 6.2.7 (/opt/ros/humble/share/rmw_fastrtps_cpp/cmake)
[0.237s] -- Using RMW implementation 'rmw_fastrtps_cpp' as default
[0.264s] -- Found ament_lint_auto: 0.12.11 (/opt/ros/humble/share/ament_lint_auto/cmake)
[0.307s] -- Added test 'cppcheck' to perform static code analysis on C / C++ code
[0.307s] -- Configured cppcheck include dirs: 
[0.307s] -- Configured cppcheck exclude dirs and/or files: 
[0.308s] -- Added test 'lint_cmake' to check CMake code style
[0.308s] -- Added test 'uncrustify' to check C / C++ code style
[0.308s] -- Configured uncrustify additional arguments: 
[0.308s] -- Added test 'xmllint' to check XML markup files
[0.309s] -- Configuring done
[0.312s] [31mCMake Error at CMakeLists.txt:34 (add_executable):
[0.312s]   Cannot find source file:
[0.312s] 
[0.312s]     src/node_03.cpp
[0.312s] 
[0.312s]   Tried extensions .c .C .c++ .cc .cpp .cxx .cu .mpp .m .M .mm .ixx .cppm .h
[0.312s]   .hh .h++ .hm .hpp .hxx .in .txx .f .F .for .f77 .f90 .f95 .f03 .hip .ispc
[0.312s] 
[0.312s] [0m
[0.312s] [31mCMake Error at CMakeLists.txt:34 (add_executable):
[0.312s]   No SOURCES given to target: node_03
[0.312s] 
[0.312s] [0m
[0.312s] [0mCMake Generate step failed.  Build files cannot be regenerated correctly.[0m
[0.315s] gmake: *** [Makefile:267: cmake_check_build_system] Error 1
[0.317s] Invoked command in '/home/ymz/Codes/ros2_learning/chapt2/chapt2_ws/build/example_cpp' returned '2': CMAKE_PREFIX_PATH=${CMAKE_PREFIX_PATH}:/opt/ros/humble /usr/bin/cmake --build /home/ymz/Codes/ros2_learning/chapt2/chapt2_ws/build/example_cpp -- -j2 -l2
